CRITICAL - 2024-07-15 03:02:50 --> CodeIgniter\View\Exceptions\ViewException: Invalid file: "Beranda.php"
[Method: GET, Route: /]
in SYSTEMPATH/Exceptions/FrameworkException.php on line 41.
 1 SYSTEMPATH/View/View.php(222): CodeIgniter\Exceptions\FrameworkException::forInvalidFile()
 2 SYSTEMPATH/Common.php(1171): CodeIgniter\View\View->render()
 3 APPPATH/Controllers/Home.php(9): view()
 4 SYSTEMPATH/CodeIgniter.php(933): App\Controllers\Home->index()
 5 SYSTEMPATH/CodeIgniter.php(509): CodeIgniter\CodeIgniter->runController()
 6 SYSTEMPATH/CodeIgniter.php(355): CodeIgniter\CodeIgniter->handleRequest()
 7 SYSTEMPATH/Boot.php(325): CodeIgniter\CodeIgniter->run()
 8 SYSTEMPATH/Boot.php(67): CodeIgniter\Boot::runCodeIgniter()
 9 FCPATH/index.php(56): CodeIgniter\Boot::bootWeb()
CRITICAL - 2024-07-15 04:33:06 --> Error: Class "Locale" not found
[Method: GET, Route: /]
in SYSTEMPATH/CodeIgniter.php on line 190.
 1 SYSTEMPATH/Boot.php(312): CodeIgniter\CodeIgniter->initialize()
 2 SYSTEMPATH/Boot.php(66): CodeIgniter\Boot::initializeCodeIgniter()
 3 FCPATH/index.php(56): CodeIgniter\Boot::bootWeb()
CRITICAL - 2024-07-15 04:33:06 --> ErrorException: Uncaught Error: Class "Locale" not found in /home/u9022432/public_html/dev-psb.ulilalbabkra.sch.id/vendor/codeigniter4/framework/system/I18n/TimeTrait.php:76
Stack trace:
#0 /home/u9022432/public_html/dev-psb.ulilalbabkra.sch.id/vendor/codeigniter4/framework/system/I18n/TimeTrait.php(117): CodeIgniter\I18n\Time->__construct()
#1 /home/u9022432/public_html/dev-psb.ulilalbabkra.sch.id/vendor/codeigniter4/framework/system/HTTP/ResponseTrait.php(395): CodeIgniter\I18n\Time::now()
#2 /home/u9022432/public_html/dev-psb.ulilalbabkra.sch.id/vendor/codeigniter4/framework/system/HTTP/ResponseTrait.php(373): CodeIgniter\HTTP\Response->sendHeaders()
#3 /home/u9022432/public_html/dev-psb.ulilalbabkra.sch.id/vendor/codeigniter4/framework/system/Debug/ExceptionHandler.php(83): CodeIgniter\HTTP\Response->send()
#4 /home/u9022432/public_html/dev-psb.ulilalbabkra.sch.id/vendor/codeigniter4/framework/system/Debug/Exceptions.php(164): CodeIgniter\Debug\ExceptionHandler->handle()
#5 [internal function]: CodeIgniter\Debug\Exceptions->exceptionHandler()
#6 {main}
  thrown
【Previous Exception】
Error
Class "Locale" not found
#0 /home/u9022432/public_html/dev-psb.ulilalbabkra.sch.id/vendor/codeigniter4/framework/system/Boot.php(312): CodeIgniter\CodeIgniter->initialize()
#1 /home/u9022432/public_html/dev-psb.ulilalbabkra.sch.id/vendor/codeigniter4/framework/system/Boot.php(66): CodeIgniter\Boot::initializeCodeIgniter()
#2 /home/u9022432/public_html/dev-psb.ulilalbabkra.sch.id/public/index.php(56): CodeIgniter\Boot::bootWeb()
#3 {main}
[Method: GET, Route: /]
in SYSTEMPATH/I18n/TimeTrait.php on line 76.
 1 [internal function]: CodeIgniter\Debug\Exceptions->shutdownHandler()
CRITICAL - 2024-07-15 05:03:01 --> Error: Class "Locale" not found
[Method: GET, Route: /]
in SYSTEMPATH/CodeIgniter.php on line 190.
 1 SYSTEMPATH/Boot.php(312): CodeIgniter\CodeIgniter->initialize()
 2 SYSTEMPATH/Boot.php(66): CodeIgniter\Boot::initializeCodeIgniter()
 3 FCPATH/index.php(56): CodeIgniter\Boot::bootWeb()
CRITICAL - 2024-07-15 05:03:01 --> ErrorException: Uncaught Error: Class "Locale" not found in /home/u9022432/public_html/dev-psb.ulilalbabkra.sch.id/vendor/codeigniter4/framework/system/I18n/TimeTrait.php:76
Stack trace:
#0 /home/u9022432/public_html/dev-psb.ulilalbabkra.sch.id/vendor/codeigniter4/framework/system/I18n/TimeTrait.php(117): CodeIgniter\I18n\Time->__construct()
#1 /home/u9022432/public_html/dev-psb.ulilalbabkra.sch.id/vendor/codeigniter4/framework/system/HTTP/ResponseTrait.php(395): CodeIgniter\I18n\Time::now()
#2 /home/u9022432/public_html/dev-psb.ulilalbabkra.sch.id/vendor/codeigniter4/framework/system/HTTP/ResponseTrait.php(373): CodeIgniter\HTTP\Response->sendHeaders()
#3 /home/u9022432/public_html/dev-psb.ulilalbabkra.sch.id/vendor/codeigniter4/framework/system/Debug/ExceptionHandler.php(83): CodeIgniter\HTTP\Response->send()
#4 /home/u9022432/public_html/dev-psb.ulilalbabkra.sch.id/vendor/codeigniter4/framework/system/Debug/Exceptions.php(164): CodeIgniter\Debug\ExceptionHandler->handle()
#5 [internal function]: CodeIgniter\Debug\Exceptions->exceptionHandler()
#6 {main}
  thrown
【Previous Exception】
Error
Class "Locale" not found
#0 /home/u9022432/public_html/dev-psb.ulilalbabkra.sch.id/vendor/codeigniter4/framework/system/Boot.php(312): CodeIgniter\CodeIgniter->initialize()
#1 /home/u9022432/public_html/dev-psb.ulilalbabkra.sch.id/vendor/codeigniter4/framework/system/Boot.php(66): CodeIgniter\Boot::initializeCodeIgniter()
#2 /home/u9022432/public_html/dev-psb.ulilalbabkra.sch.id/public/index.php(56): CodeIgniter\Boot::bootWeb()
#3 {main}
[Method: GET, Route: /]
in SYSTEMPATH/I18n/TimeTrait.php on line 76.
 1 [internal function]: CodeIgniter\Debug\Exceptions->shutdownHandler()
CRITICAL - 2024-07-15 05:32:43 --> Error: Class "Locale" not found
[Method: GET, Route: /]
in SYSTEMPATH/CodeIgniter.php on line 190.
 1 SYSTEMPATH/Boot.php(312): CodeIgniter\CodeIgniter->initialize()
 2 SYSTEMPATH/Boot.php(66): CodeIgniter\Boot::initializeCodeIgniter()
 3 FCPATH/index.php(56): CodeIgniter\Boot::bootWeb()
CRITICAL - 2024-07-15 05:32:43 --> ErrorException: Uncaught Error: Class "Locale" not found in /home/u9022432/public_html/dev-psb.ulilalbabkra.sch.id/vendor/codeigniter4/framework/system/I18n/TimeTrait.php:76
Stack trace:
#0 /home/u9022432/public_html/dev-psb.ulilalbabkra.sch.id/vendor/codeigniter4/framework/system/I18n/TimeTrait.php(117): CodeIgniter\I18n\Time->__construct()
#1 /home/u9022432/public_html/dev-psb.ulilalbabkra.sch.id/vendor/codeigniter4/framework/system/HTTP/ResponseTrait.php(395): CodeIgniter\I18n\Time::now()
#2 /home/u9022432/public_html/dev-psb.ulilalbabkra.sch.id/vendor/codeigniter4/framework/system/HTTP/ResponseTrait.php(373): CodeIgniter\HTTP\Response->sendHeaders()
#3 /home/u9022432/public_html/dev-psb.ulilalbabkra.sch.id/vendor/codeigniter4/framework/system/Debug/ExceptionHandler.php(83): CodeIgniter\HTTP\Response->send()
#4 /home/u9022432/public_html/dev-psb.ulilalbabkra.sch.id/vendor/codeigniter4/framework/system/Debug/Exceptions.php(164): CodeIgniter\Debug\ExceptionHandler->handle()
#5 [internal function]: CodeIgniter\Debug\Exceptions->exceptionHandler()
#6 {main}
  thrown
【Previous Exception】
Error
Class "Locale" not found
#0 /home/u9022432/public_html/dev-psb.ulilalbabkra.sch.id/vendor/codeigniter4/framework/system/Boot.php(312): CodeIgniter\CodeIgniter->initialize()
#1 /home/u9022432/public_html/dev-psb.ulilalbabkra.sch.id/vendor/codeigniter4/framework/system/Boot.php(66): CodeIgniter\Boot::initializeCodeIgniter()
#2 /home/u9022432/public_html/dev-psb.ulilalbabkra.sch.id/public/index.php(56): CodeIgniter\Boot::bootWeb()
#3 {main}
[Method: GET, Route: /]
in SYSTEMPATH/I18n/TimeTrait.php on line 76.
 1 [internal function]: CodeIgniter\Debug\Exceptions->shutdownHandler()
CRITICAL - 2024-07-15 06:02:49 --> Error: Class "Locale" not found
[Method: GET, Route: /]
in SYSTEMPATH/CodeIgniter.php on line 190.
 1 SYSTEMPATH/Boot.php(312): CodeIgniter\CodeIgniter->initialize()
 2 SYSTEMPATH/Boot.php(66): CodeIgniter\Boot::initializeCodeIgniter()
 3 FCPATH/index.php(56): CodeIgniter\Boot::bootWeb()
CRITICAL - 2024-07-15 06:02:49 --> ErrorException: Uncaught Error: Class "Locale" not found in /home/u9022432/public_html/dev-psb.ulilalbabkra.sch.id/vendor/codeigniter4/framework/system/I18n/TimeTrait.php:76
Stack trace:
#0 /home/u9022432/public_html/dev-psb.ulilalbabkra.sch.id/vendor/codeigniter4/framework/system/I18n/TimeTrait.php(117): CodeIgniter\I18n\Time->__construct()
#1 /home/u9022432/public_html/dev-psb.ulilalbabkra.sch.id/vendor/codeigniter4/framework/system/HTTP/ResponseTrait.php(395): CodeIgniter\I18n\Time::now()
#2 /home/u9022432/public_html/dev-psb.ulilalbabkra.sch.id/vendor/codeigniter4/framework/system/HTTP/ResponseTrait.php(373): CodeIgniter\HTTP\Response->sendHeaders()
#3 /home/u9022432/public_html/dev-psb.ulilalbabkra.sch.id/vendor/codeigniter4/framework/system/Debug/ExceptionHandler.php(83): CodeIgniter\HTTP\Response->send()
#4 /home/u9022432/public_html/dev-psb.ulilalbabkra.sch.id/vendor/codeigniter4/framework/system/Debug/Exceptions.php(164): CodeIgniter\Debug\ExceptionHandler->handle()
#5 [internal function]: CodeIgniter\Debug\Exceptions->exceptionHandler()
#6 {main}
  thrown
【Previous Exception】
Error
Class "Locale" not found
#0 /home/u9022432/public_html/dev-psb.ulilalbabkra.sch.id/vendor/codeigniter4/framework/system/Boot.php(312): CodeIgniter\CodeIgniter->initialize()
#1 /home/u9022432/public_html/dev-psb.ulilalbabkra.sch.id/vendor/codeigniter4/framework/system/Boot.php(66): CodeIgniter\Boot::initializeCodeIgniter()
#2 /home/u9022432/public_html/dev-psb.ulilalbabkra.sch.id/public/index.php(56): CodeIgniter\Boot::bootWeb()
#3 {main}
[Method: GET, Route: /]
in SYSTEMPATH/I18n/TimeTrait.php on line 76.
 1 [internal function]: CodeIgniter\Debug\Exceptions->shutdownHandler()
CRITICAL - 2024-07-15 06:32:32 --> Error: Class "Locale" not found
[Method: GET, Route: /]
in SYSTEMPATH/CodeIgniter.php on line 190.
 1 SYSTEMPATH/Boot.php(312): CodeIgniter\CodeIgniter->initialize()
 2 SYSTEMPATH/Boot.php(66): CodeIgniter\Boot::initializeCodeIgniter()
 3 FCPATH/index.php(56): CodeIgniter\Boot::bootWeb()
CRITICAL - 2024-07-15 06:32:32 --> ErrorException: Uncaught Error: Class "Locale" not found in /home/u9022432/public_html/dev-psb.ulilalbabkra.sch.id/vendor/codeigniter4/framework/system/I18n/TimeTrait.php:76
Stack trace:
#0 /home/u9022432/public_html/dev-psb.ulilalbabkra.sch.id/vendor/codeigniter4/framework/system/I18n/TimeTrait.php(117): CodeIgniter\I18n\Time->__construct()
#1 /home/u9022432/public_html/dev-psb.ulilalbabkra.sch.id/vendor/codeigniter4/framework/system/HTTP/ResponseTrait.php(395): CodeIgniter\I18n\Time::now()
#2 /home/u9022432/public_html/dev-psb.ulilalbabkra.sch.id/vendor/codeigniter4/framework/system/HTTP/ResponseTrait.php(373): CodeIgniter\HTTP\Response->sendHeaders()
#3 /home/u9022432/public_html/dev-psb.ulilalbabkra.sch.id/vendor/codeigniter4/framework/system/Debug/ExceptionHandler.php(83): CodeIgniter\HTTP\Response->send()
#4 /home/u9022432/public_html/dev-psb.ulilalbabkra.sch.id/vendor/codeigniter4/framework/system/Debug/Exceptions.php(164): CodeIgniter\Debug\ExceptionHandler->handle()
#5 [internal function]: CodeIgniter\Debug\Exceptions->exceptionHandler()
#6 {main}
  thrown
【Previous Exception】
Error
Class "Locale" not found
#0 /home/u9022432/public_html/dev-psb.ulilalbabkra.sch.id/vendor/codeigniter4/framework/system/Boot.php(312): CodeIgniter\CodeIgniter->initialize()
#1 /home/u9022432/public_html/dev-psb.ulilalbabkra.sch.id/vendor/codeigniter4/framework/system/Boot.php(66): CodeIgniter\Boot::initializeCodeIgniter()
#2 /home/u9022432/public_html/dev-psb.ulilalbabkra.sch.id/public/index.php(56): CodeIgniter\Boot::bootWeb()
#3 {main}
[Method: GET, Route: /]
in SYSTEMPATH/I18n/TimeTrait.php on line 76.
 1 [internal function]: CodeIgniter\Debug\Exceptions->shutdownHandler()
CRITICAL - 2024-07-15 07:02:54 --> Error: Class "Locale" not found
[Method: GET, Route: /]
in SYSTEMPATH/CodeIgniter.php on line 190.
 1 SYSTEMPATH/Boot.php(312): CodeIgniter\CodeIgniter->initialize()
 2 SYSTEMPATH/Boot.php(66): CodeIgniter\Boot::initializeCodeIgniter()
 3 FCPATH/index.php(56): CodeIgniter\Boot::bootWeb()
CRITICAL - 2024-07-15 07:02:54 --> ErrorException: Uncaught Error: Class "Locale" not found in /home/u9022432/public_html/dev-psb.ulilalbabkra.sch.id/vendor/codeigniter4/framework/system/I18n/TimeTrait.php:76
Stack trace:
#0 /home/u9022432/public_html/dev-psb.ulilalbabkra.sch.id/vendor/codeigniter4/framework/system/I18n/TimeTrait.php(117): CodeIgniter\I18n\Time->__construct()
#1 /home/u9022432/public_html/dev-psb.ulilalbabkra.sch.id/vendor/codeigniter4/framework/system/HTTP/ResponseTrait.php(395): CodeIgniter\I18n\Time::now()
#2 /home/u9022432/public_html/dev-psb.ulilalbabkra.sch.id/vendor/codeigniter4/framework/system/HTTP/ResponseTrait.php(373): CodeIgniter\HTTP\Response->sendHeaders()
#3 /home/u9022432/public_html/dev-psb.ulilalbabkra.sch.id/vendor/codeigniter4/framework/system/Debug/ExceptionHandler.php(83): CodeIgniter\HTTP\Response->send()
#4 /home/u9022432/public_html/dev-psb.ulilalbabkra.sch.id/vendor/codeigniter4/framework/system/Debug/Exceptions.php(164): CodeIgniter\Debug\ExceptionHandler->handle()
#5 [internal function]: CodeIgniter\Debug\Exceptions->exceptionHandler()
#6 {main}
  thrown
【Previous Exception】
Error
Class "Locale" not found
#0 /home/u9022432/public_html/dev-psb.ulilalbabkra.sch.id/vendor/codeigniter4/framework/system/Boot.php(312): CodeIgniter\CodeIgniter->initialize()
#1 /home/u9022432/public_html/dev-psb.ulilalbabkra.sch.id/vendor/codeigniter4/framework/system/Boot.php(66): CodeIgniter\Boot::initializeCodeIgniter()
#2 /home/u9022432/public_html/dev-psb.ulilalbabkra.sch.id/public/index.php(56): CodeIgniter\Boot::bootWeb()
#3 {main}
[Method: GET, Route: /]
in SYSTEMPATH/I18n/TimeTrait.php on line 76.
 1 [internal function]: CodeIgniter\Debug\Exceptions->shutdownHandler()
CRITICAL - 2024-07-15 07:32:41 --> Error: Class "Locale" not found
[Method: GET, Route: /]
in SYSTEMPATH/CodeIgniter.php on line 190.
 1 SYSTEMPATH/Boot.php(312): CodeIgniter\CodeIgniter->initialize()
 2 SYSTEMPATH/Boot.php(66): CodeIgniter\Boot::initializeCodeIgniter()
 3 FCPATH/index.php(56): CodeIgniter\Boot::bootWeb()
CRITICAL - 2024-07-15 07:32:41 --> ErrorException: Uncaught Error: Class "Locale" not found in /home/u9022432/public_html/dev-psb.ulilalbabkra.sch.id/vendor/codeigniter4/framework/system/I18n/TimeTrait.php:76
Stack trace:
#0 /home/u9022432/public_html/dev-psb.ulilalbabkra.sch.id/vendor/codeigniter4/framework/system/I18n/TimeTrait.php(117): CodeIgniter\I18n\Time->__construct()
#1 /home/u9022432/public_html/dev-psb.ulilalbabkra.sch.id/vendor/codeigniter4/framework/system/HTTP/ResponseTrait.php(395): CodeIgniter\I18n\Time::now()
#2 /home/u9022432/public_html/dev-psb.ulilalbabkra.sch.id/vendor/codeigniter4/framework/system/HTTP/ResponseTrait.php(373): CodeIgniter\HTTP\Response->sendHeaders()
#3 /home/u9022432/public_html/dev-psb.ulilalbabkra.sch.id/vendor/codeigniter4/framework/system/Debug/ExceptionHandler.php(83): CodeIgniter\HTTP\Response->send()
#4 /home/u9022432/public_html/dev-psb.ulilalbabkra.sch.id/vendor/codeigniter4/framework/system/Debug/Exceptions.php(164): CodeIgniter\Debug\ExceptionHandler->handle()
#5 [internal function]: CodeIgniter\Debug\Exceptions->exceptionHandler()
#6 {main}
  thrown
【Previous Exception】
Error
Class "Locale" not found
#0 /home/u9022432/public_html/dev-psb.ulilalbabkra.sch.id/vendor/codeigniter4/framework/system/Boot.php(312): CodeIgniter\CodeIgniter->initialize()
#1 /home/u9022432/public_html/dev-psb.ulilalbabkra.sch.id/vendor/codeigniter4/framework/system/Boot.php(66): CodeIgniter\Boot::initializeCodeIgniter()
#2 /home/u9022432/public_html/dev-psb.ulilalbabkra.sch.id/public/index.php(56): CodeIgniter\Boot::bootWeb()
#3 {main}
[Method: GET, Route: /]
in SYSTEMPATH/I18n/TimeTrait.php on line 76.
 1 [internal function]: CodeIgniter\Debug\Exceptions->shutdownHandler()
CRITICAL - 2024-07-15 08:03:12 --> Error: Class "Locale" not found
[Method: GET, Route: /]
in SYSTEMPATH/CodeIgniter.php on line 190.
 1 SYSTEMPATH/Boot.php(312): CodeIgniter\CodeIgniter->initialize()
 2 SYSTEMPATH/Boot.php(66): CodeIgniter\Boot::initializeCodeIgniter()
 3 FCPATH/index.php(56): CodeIgniter\Boot::bootWeb()
CRITICAL - 2024-07-15 08:03:12 --> ErrorException: Uncaught Error: Class "Locale" not found in /home/u9022432/public_html/dev-psb.ulilalbabkra.sch.id/vendor/codeigniter4/framework/system/I18n/TimeTrait.php:76
Stack trace:
#0 /home/u9022432/public_html/dev-psb.ulilalbabkra.sch.id/vendor/codeigniter4/framework/system/I18n/TimeTrait.php(117): CodeIgniter\I18n\Time->__construct()
#1 /home/u9022432/public_html/dev-psb.ulilalbabkra.sch.id/vendor/codeigniter4/framework/system/HTTP/ResponseTrait.php(395): CodeIgniter\I18n\Time::now()
#2 /home/u9022432/public_html/dev-psb.ulilalbabkra.sch.id/vendor/codeigniter4/framework/system/HTTP/ResponseTrait.php(373): CodeIgniter\HTTP\Response->sendHeaders()
#3 /home/u9022432/public_html/dev-psb.ulilalbabkra.sch.id/vendor/codeigniter4/framework/system/Debug/ExceptionHandler.php(83): CodeIgniter\HTTP\Response->send()
#4 /home/u9022432/public_html/dev-psb.ulilalbabkra.sch.id/vendor/codeigniter4/framework/system/Debug/Exceptions.php(164): CodeIgniter\Debug\ExceptionHandler->handle()
#5 [internal function]: CodeIgniter\Debug\Exceptions->exceptionHandler()
#6 {main}
  thrown
【Previous Exception】
Error
Class "Locale" not found
#0 /home/u9022432/public_html/dev-psb.ulilalbabkra.sch.id/vendor/codeigniter4/framework/system/Boot.php(312): CodeIgniter\CodeIgniter->initialize()
#1 /home/u9022432/public_html/dev-psb.ulilalbabkra.sch.id/vendor/codeigniter4/framework/system/Boot.php(66): CodeIgniter\Boot::initializeCodeIgniter()
#2 /home/u9022432/public_html/dev-psb.ulilalbabkra.sch.id/public/index.php(56): CodeIgniter\Boot::bootWeb()
#3 {main}
[Method: GET, Route: /]
in SYSTEMPATH/I18n/TimeTrait.php on line 76.
 1 [internal function]: CodeIgniter\Debug\Exceptions->shutdownHandler()
CRITICAL - 2024-07-15 08:32:33 --> Error: Class "Locale" not found
[Method: GET, Route: /]
in SYSTEMPATH/CodeIgniter.php on line 190.
 1 SYSTEMPATH/Boot.php(312): CodeIgniter\CodeIgniter->initialize()
 2 SYSTEMPATH/Boot.php(66): CodeIgniter\Boot::initializeCodeIgniter()
 3 FCPATH/index.php(56): CodeIgniter\Boot::bootWeb()
CRITICAL - 2024-07-15 08:32:33 --> ErrorException: Uncaught Error: Class "Locale" not found in /home/u9022432/public_html/dev-psb.ulilalbabkra.sch.id/vendor/codeigniter4/framework/system/I18n/TimeTrait.php:76
Stack trace:
#0 /home/u9022432/public_html/dev-psb.ulilalbabkra.sch.id/vendor/codeigniter4/framework/system/I18n/TimeTrait.php(117): CodeIgniter\I18n\Time->__construct()
#1 /home/u9022432/public_html/dev-psb.ulilalbabkra.sch.id/vendor/codeigniter4/framework/system/HTTP/ResponseTrait.php(395): CodeIgniter\I18n\Time::now()
#2 /home/u9022432/public_html/dev-psb.ulilalbabkra.sch.id/vendor/codeigniter4/framework/system/HTTP/ResponseTrait.php(373): CodeIgniter\HTTP\Response->sendHeaders()
#3 /home/u9022432/public_html/dev-psb.ulilalbabkra.sch.id/vendor/codeigniter4/framework/system/Debug/ExceptionHandler.php(83): CodeIgniter\HTTP\Response->send()
#4 /home/u9022432/public_html/dev-psb.ulilalbabkra.sch.id/vendor/codeigniter4/framework/system/Debug/Exceptions.php(164): CodeIgniter\Debug\ExceptionHandler->handle()
#5 [internal function]: CodeIgniter\Debug\Exceptions->exceptionHandler()
#6 {main}
  thrown
【Previous Exception】
Error
Class "Locale" not found
#0 /home/u9022432/public_html/dev-psb.ulilalbabkra.sch.id/vendor/codeigniter4/framework/system/Boot.php(312): CodeIgniter\CodeIgniter->initialize()
#1 /home/u9022432/public_html/dev-psb.ulilalbabkra.sch.id/vendor/codeigniter4/framework/system/Boot.php(66): CodeIgniter\Boot::initializeCodeIgniter()
#2 /home/u9022432/public_html/dev-psb.ulilalbabkra.sch.id/public/index.php(56): CodeIgniter\Boot::bootWeb()
#3 {main}
[Method: GET, Route: /]
in SYSTEMPATH/I18n/TimeTrait.php on line 76.
 1 [internal function]: CodeIgniter\Debug\Exceptions->shutdownHandler()
CRITICAL - 2024-07-15 09:02:46 --> Error: Class "Locale" not found
[Method: GET, Route: /]
in SYSTEMPATH/CodeIgniter.php on line 190.
 1 SYSTEMPATH/Boot.php(312): CodeIgniter\CodeIgniter->initialize()
 2 SYSTEMPATH/Boot.php(66): CodeIgniter\Boot::initializeCodeIgniter()
 3 FCPATH/index.php(56): CodeIgniter\Boot::bootWeb()
CRITICAL - 2024-07-15 09:02:46 --> ErrorException: Uncaught Error: Class "Locale" not found in /home/u9022432/public_html/dev-psb.ulilalbabkra.sch.id/vendor/codeigniter4/framework/system/I18n/TimeTrait.php:76
Stack trace:
#0 /home/u9022432/public_html/dev-psb.ulilalbabkra.sch.id/vendor/codeigniter4/framework/system/I18n/TimeTrait.php(117): CodeIgniter\I18n\Time->__construct()
#1 /home/u9022432/public_html/dev-psb.ulilalbabkra.sch.id/vendor/codeigniter4/framework/system/HTTP/ResponseTrait.php(395): CodeIgniter\I18n\Time::now()
#2 /home/u9022432/public_html/dev-psb.ulilalbabkra.sch.id/vendor/codeigniter4/framework/system/HTTP/ResponseTrait.php(373): CodeIgniter\HTTP\Response->sendHeaders()
#3 /home/u9022432/public_html/dev-psb.ulilalbabkra.sch.id/vendor/codeigniter4/framework/system/Debug/ExceptionHandler.php(83): CodeIgniter\HTTP\Response->send()
#4 /home/u9022432/public_html/dev-psb.ulilalbabkra.sch.id/vendor/codeigniter4/framework/system/Debug/Exceptions.php(164): CodeIgniter\Debug\ExceptionHandler->handle()
#5 [internal function]: CodeIgniter\Debug\Exceptions->exceptionHandler()
#6 {main}
  thrown
【Previous Exception】
Error
Class "Locale" not found
#0 /home/u9022432/public_html/dev-psb.ulilalbabkra.sch.id/vendor/codeigniter4/framework/system/Boot.php(312): CodeIgniter\CodeIgniter->initialize()
#1 /home/u9022432/public_html/dev-psb.ulilalbabkra.sch.id/vendor/codeigniter4/framework/system/Boot.php(66): CodeIgniter\Boot::initializeCodeIgniter()
#2 /home/u9022432/public_html/dev-psb.ulilalbabkra.sch.id/public/index.php(56): CodeIgniter\Boot::bootWeb()
#3 {main}
[Method: GET, Route: /]
in SYSTEMPATH/I18n/TimeTrait.php on line 76.
 1 [internal function]: CodeIgniter\Debug\Exceptions->shutdownHandler()
CRITICAL - 2024-07-15 09:33:00 --> Error: Class "Locale" not found
[Method: GET, Route: /]
in SYSTEMPATH/CodeIgniter.php on line 190.
 1 SYSTEMPATH/Boot.php(312): CodeIgniter\CodeIgniter->initialize()
 2 SYSTEMPATH/Boot.php(66): CodeIgniter\Boot::initializeCodeIgniter()
 3 FCPATH/index.php(56): CodeIgniter\Boot::bootWeb()
CRITICAL - 2024-07-15 09:33:00 --> ErrorException: Uncaught Error: Class "Locale" not found in /home/u9022432/public_html/dev-psb.ulilalbabkra.sch.id/vendor/codeigniter4/framework/system/I18n/TimeTrait.php:76
Stack trace:
#0 /home/u9022432/public_html/dev-psb.ulilalbabkra.sch.id/vendor/codeigniter4/framework/system/I18n/TimeTrait.php(117): CodeIgniter\I18n\Time->__construct()
#1 /home/u9022432/public_html/dev-psb.ulilalbabkra.sch.id/vendor/codeigniter4/framework/system/HTTP/ResponseTrait.php(395): CodeIgniter\I18n\Time::now()
#2 /home/u9022432/public_html/dev-psb.ulilalbabkra.sch.id/vendor/codeigniter4/framework/system/HTTP/ResponseTrait.php(373): CodeIgniter\HTTP\Response->sendHeaders()
#3 /home/u9022432/public_html/dev-psb.ulilalbabkra.sch.id/vendor/codeigniter4/framework/system/Debug/ExceptionHandler.php(83): CodeIgniter\HTTP\Response->send()
#4 /home/u9022432/public_html/dev-psb.ulilalbabkra.sch.id/vendor/codeigniter4/framework/system/Debug/Exceptions.php(164): CodeIgniter\Debug\ExceptionHandler->handle()
#5 [internal function]: CodeIgniter\Debug\Exceptions->exceptionHandler()
#6 {main}
  thrown
【Previous Exception】
Error
Class "Locale" not found
#0 /home/u9022432/public_html/dev-psb.ulilalbabkra.sch.id/vendor/codeigniter4/framework/system/Boot.php(312): CodeIgniter\CodeIgniter->initialize()
#1 /home/u9022432/public_html/dev-psb.ulilalbabkra.sch.id/vendor/codeigniter4/framework/system/Boot.php(66): CodeIgniter\Boot::initializeCodeIgniter()
#2 /home/u9022432/public_html/dev-psb.ulilalbabkra.sch.id/public/index.php(56): CodeIgniter\Boot::bootWeb()
#3 {main}
[Method: GET, Route: /]
in SYSTEMPATH/I18n/TimeTrait.php on line 76.
 1 [internal function]: CodeIgniter\Debug\Exceptions->shutdownHandler()
CRITICAL - 2024-07-15 10:05:31 --> Error: Class "Locale" not found
[Method: GET, Route: /]
in SYSTEMPATH/CodeIgniter.php on line 190.
 1 SYSTEMPATH/Boot.php(312): CodeIgniter\CodeIgniter->initialize()
 2 SYSTEMPATH/Boot.php(66): CodeIgniter\Boot::initializeCodeIgniter()
 3 FCPATH/index.php(56): CodeIgniter\Boot::bootWeb()
CRITICAL - 2024-07-15 10:05:32 --> ErrorException: Uncaught Error: Class "Locale" not found in /home/u9022432/public_html/dev-psb.ulilalbabkra.sch.id/vendor/codeigniter4/framework/system/I18n/TimeTrait.php:76
Stack trace:
#0 /home/u9022432/public_html/dev-psb.ulilalbabkra.sch.id/vendor/codeigniter4/framework/system/I18n/TimeTrait.php(117): CodeIgniter\I18n\Time->__construct()
#1 /home/u9022432/public_html/dev-psb.ulilalbabkra.sch.id/vendor/codeigniter4/framework/system/HTTP/ResponseTrait.php(395): CodeIgniter\I18n\Time::now()
#2 /home/u9022432/public_html/dev-psb.ulilalbabkra.sch.id/vendor/codeigniter4/framework/system/HTTP/ResponseTrait.php(373): CodeIgniter\HTTP\Response->sendHeaders()
#3 /home/u9022432/public_html/dev-psb.ulilalbabkra.sch.id/vendor/codeigniter4/framework/system/Debug/ExceptionHandler.php(83): CodeIgniter\HTTP\Response->send()
#4 /home/u9022432/public_html/dev-psb.ulilalbabkra.sch.id/vendor/codeigniter4/framework/system/Debug/Exceptions.php(164): CodeIgniter\Debug\ExceptionHandler->handle()
#5 [internal function]: CodeIgniter\Debug\Exceptions->exceptionHandler()
#6 {main}
  thrown
【Previous Exception】
Error
Class "Locale" not found
#0 /home/u9022432/public_html/dev-psb.ulilalbabkra.sch.id/vendor/codeigniter4/framework/system/Boot.php(312): CodeIgniter\CodeIgniter->initialize()
#1 /home/u9022432/public_html/dev-psb.ulilalbabkra.sch.id/vendor/codeigniter4/framework/system/Boot.php(66): CodeIgniter\Boot::initializeCodeIgniter()
#2 /home/u9022432/public_html/dev-psb.ulilalbabkra.sch.id/public/index.php(56): CodeIgniter\Boot::bootWeb()
#3 {main}
[Method: GET, Route: /]
in SYSTEMPATH/I18n/TimeTrait.php on line 76.
 1 [internal function]: CodeIgniter\Debug\Exceptions->shutdownHandler()
CRITICAL - 2024-07-15 10:33:31 --> Error: Class "Locale" not found
[Method: GET, Route: /]
in SYSTEMPATH/CodeIgniter.php on line 190.
 1 SYSTEMPATH/Boot.php(312): CodeIgniter\CodeIgniter->initialize()
 2 SYSTEMPATH/Boot.php(66): CodeIgniter\Boot::initializeCodeIgniter()
 3 FCPATH/index.php(56): CodeIgniter\Boot::bootWeb()
CRITICAL - 2024-07-15 10:33:31 --> ErrorException: Uncaught Error: Class "Locale" not found in /home/u9022432/public_html/dev-psb.ulilalbabkra.sch.id/vendor/codeigniter4/framework/system/I18n/TimeTrait.php:76
Stack trace:
#0 /home/u9022432/public_html/dev-psb.ulilalbabkra.sch.id/vendor/codeigniter4/framework/system/I18n/TimeTrait.php(117): CodeIgniter\I18n\Time->__construct()
#1 /home/u9022432/public_html/dev-psb.ulilalbabkra.sch.id/vendor/codeigniter4/framework/system/HTTP/ResponseTrait.php(395): CodeIgniter\I18n\Time::now()
#2 /home/u9022432/public_html/dev-psb.ulilalbabkra.sch.id/vendor/codeigniter4/framework/system/HTTP/ResponseTrait.php(373): CodeIgniter\HTTP\Response->sendHeaders()
#3 /home/u9022432/public_html/dev-psb.ulilalbabkra.sch.id/vendor/codeigniter4/framework/system/Debug/ExceptionHandler.php(83): CodeIgniter\HTTP\Response->send()
#4 /home/u9022432/public_html/dev-psb.ulilalbabkra.sch.id/vendor/codeigniter4/framework/system/Debug/Exceptions.php(164): CodeIgniter\Debug\ExceptionHandler->handle()
#5 [internal function]: CodeIgniter\Debug\Exceptions->exceptionHandler()
#6 {main}
  thrown
【Previous Exception】
Error
Class "Locale" not found
#0 /home/u9022432/public_html/dev-psb.ulilalbabkra.sch.id/vendor/codeigniter4/framework/system/Boot.php(312): CodeIgniter\CodeIgniter->initialize()
#1 /home/u9022432/public_html/dev-psb.ulilalbabkra.sch.id/vendor/codeigniter4/framework/system/Boot.php(66): CodeIgniter\Boot::initializeCodeIgniter()
#2 /home/u9022432/public_html/dev-psb.ulilalbabkra.sch.id/public/index.php(56): CodeIgniter\Boot::bootWeb()
#3 {main}
[Method: GET, Route: /]
in SYSTEMPATH/I18n/TimeTrait.php on line 76.
 1 [internal function]: CodeIgniter\Debug\Exceptions->shutdownHandler()
CRITICAL - 2024-07-15 11:02:46 --> Error: Class "Locale" not found
[Method: GET, Route: /]
in SYSTEMPATH/CodeIgniter.php on line 190.
 1 SYSTEMPATH/Boot.php(312): CodeIgniter\CodeIgniter->initialize()
 2 SYSTEMPATH/Boot.php(66): CodeIgniter\Boot::initializeCodeIgniter()
 3 FCPATH/index.php(56): CodeIgniter\Boot::bootWeb()
CRITICAL - 2024-07-15 11:02:46 --> ErrorException: Uncaught Error: Class "Locale" not found in /home/u9022432/public_html/dev-psb.ulilalbabkra.sch.id/vendor/codeigniter4/framework/system/I18n/TimeTrait.php:76
Stack trace:
#0 /home/u9022432/public_html/dev-psb.ulilalbabkra.sch.id/vendor/codeigniter4/framework/system/I18n/TimeTrait.php(117): CodeIgniter\I18n\Time->__construct()
#1 /home/u9022432/public_html/dev-psb.ulilalbabkra.sch.id/vendor/codeigniter4/framework/system/HTTP/ResponseTrait.php(395): CodeIgniter\I18n\Time::now()
#2 /home/u9022432/public_html/dev-psb.ulilalbabkra.sch.id/vendor/codeigniter4/framework/system/HTTP/ResponseTrait.php(373): CodeIgniter\HTTP\Response->sendHeaders()
#3 /home/u9022432/public_html/dev-psb.ulilalbabkra.sch.id/vendor/codeigniter4/framework/system/Debug/ExceptionHandler.php(83): CodeIgniter\HTTP\Response->send()
#4 /home/u9022432/public_html/dev-psb.ulilalbabkra.sch.id/vendor/codeigniter4/framework/system/Debug/Exceptions.php(164): CodeIgniter\Debug\ExceptionHandler->handle()
#5 [internal function]: CodeIgniter\Debug\Exceptions->exceptionHandler()
#6 {main}
  thrown
【Previous Exception】
Error
Class "Locale" not found
#0 /home/u9022432/public_html/dev-psb.ulilalbabkra.sch.id/vendor/codeigniter4/framework/system/Boot.php(312): CodeIgniter\CodeIgniter->initialize()
#1 /home/u9022432/public_html/dev-psb.ulilalbabkra.sch.id/vendor/codeigniter4/framework/system/Boot.php(66): CodeIgniter\Boot::initializeCodeIgniter()
#2 /home/u9022432/public_html/dev-psb.ulilalbabkra.sch.id/public/index.php(56): CodeIgniter\Boot::bootWeb()
#3 {main}
[Method: GET, Route: /]
in SYSTEMPATH/I18n/TimeTrait.php on line 76.
 1 [internal function]: CodeIgniter\Debug\Exceptions->shutdownHandler()
CRITICAL - 2024-07-15 11:33:04 --> Error: Class "Locale" not found
[Method: GET, Route: /]
in SYSTEMPATH/CodeIgniter.php on line 190.
 1 SYSTEMPATH/Boot.php(312): CodeIgniter\CodeIgniter->initialize()
 2 SYSTEMPATH/Boot.php(66): CodeIgniter\Boot::initializeCodeIgniter()
 3 FCPATH/index.php(56): CodeIgniter\Boot::bootWeb()
CRITICAL - 2024-07-15 11:33:04 --> ErrorException: Uncaught Error: Class "Locale" not found in /home/u9022432/public_html/dev-psb.ulilalbabkra.sch.id/vendor/codeigniter4/framework/system/I18n/TimeTrait.php:76
Stack trace:
#0 /home/u9022432/public_html/dev-psb.ulilalbabkra.sch.id/vendor/codeigniter4/framework/system/I18n/TimeTrait.php(117): CodeIgniter\I18n\Time->__construct()
#1 /home/u9022432/public_html/dev-psb.ulilalbabkra.sch.id/vendor/codeigniter4/framework/system/HTTP/ResponseTrait.php(395): CodeIgniter\I18n\Time::now()
#2 /home/u9022432/public_html/dev-psb.ulilalbabkra.sch.id/vendor/codeigniter4/framework/system/HTTP/ResponseTrait.php(373): CodeIgniter\HTTP\Response->sendHeaders()
#3 /home/u9022432/public_html/dev-psb.ulilalbabkra.sch.id/vendor/codeigniter4/framework/system/Debug/ExceptionHandler.php(83): CodeIgniter\HTTP\Response->send()
#4 /home/u9022432/public_html/dev-psb.ulilalbabkra.sch.id/vendor/codeigniter4/framework/system/Debug/Exceptions.php(164): CodeIgniter\Debug\ExceptionHandler->handle()
#5 [internal function]: CodeIgniter\Debug\Exceptions->exceptionHandler()
#6 {main}
  thrown
【Previous Exception】
Error
Class "Locale" not found
#0 /home/u9022432/public_html/dev-psb.ulilalbabkra.sch.id/vendor/codeigniter4/framework/system/Boot.php(312): CodeIgniter\CodeIgniter->initialize()
#1 /home/u9022432/public_html/dev-psb.ulilalbabkra.sch.id/vendor/codeigniter4/framework/system/Boot.php(66): CodeIgniter\Boot::initializeCodeIgniter()
#2 /home/u9022432/public_html/dev-psb.ulilalbabkra.sch.id/public/index.php(56): CodeIgniter\Boot::bootWeb()
#3 {main}
[Method: GET, Route: /]
in SYSTEMPATH/I18n/TimeTrait.php on line 76.
 1 [internal function]: CodeIgniter\Debug\Exceptions->shutdownHandler()
CRITICAL - 2024-07-15 12:02:41 --> Error: Class "Locale" not found
[Method: GET, Route: /]
in SYSTEMPATH/CodeIgniter.php on line 190.
 1 SYSTEMPATH/Boot.php(312): CodeIgniter\CodeIgniter->initialize()
 2 SYSTEMPATH/Boot.php(66): CodeIgniter\Boot::initializeCodeIgniter()
 3 FCPATH/index.php(56): CodeIgniter\Boot::bootWeb()
CRITICAL - 2024-07-15 12:02:41 --> ErrorException: Uncaught Error: Class "Locale" not found in /home/u9022432/public_html/dev-psb.ulilalbabkra.sch.id/vendor/codeigniter4/framework/system/I18n/TimeTrait.php:76
Stack trace:
#0 /home/u9022432/public_html/dev-psb.ulilalbabkra.sch.id/vendor/codeigniter4/framework/system/I18n/TimeTrait.php(117): CodeIgniter\I18n\Time->__construct()
#1 /home/u9022432/public_html/dev-psb.ulilalbabkra.sch.id/vendor/codeigniter4/framework/system/HTTP/ResponseTrait.php(395): CodeIgniter\I18n\Time::now()
#2 /home/u9022432/public_html/dev-psb.ulilalbabkra.sch.id/vendor/codeigniter4/framework/system/HTTP/ResponseTrait.php(373): CodeIgniter\HTTP\Response->sendHeaders()
#3 /home/u9022432/public_html/dev-psb.ulilalbabkra.sch.id/vendor/codeigniter4/framework/system/Debug/ExceptionHandler.php(83): CodeIgniter\HTTP\Response->send()
#4 /home/u9022432/public_html/dev-psb.ulilalbabkra.sch.id/vendor/codeigniter4/framework/system/Debug/Exceptions.php(164): CodeIgniter\Debug\ExceptionHandler->handle()
#5 [internal function]: CodeIgniter\Debug\Exceptions->exceptionHandler()
#6 {main}
  thrown
【Previous Exception】
Error
Class "Locale" not found
#0 /home/u9022432/public_html/dev-psb.ulilalbabkra.sch.id/vendor/codeigniter4/framework/system/Boot.php(312): CodeIgniter\CodeIgniter->initialize()
#1 /home/u9022432/public_html/dev-psb.ulilalbabkra.sch.id/vendor/codeigniter4/framework/system/Boot.php(66): CodeIgniter\Boot::initializeCodeIgniter()
#2 /home/u9022432/public_html/dev-psb.ulilalbabkra.sch.id/public/index.php(56): CodeIgniter\Boot::bootWeb()
#3 {main}
[Method: GET, Route: /]
in SYSTEMPATH/I18n/TimeTrait.php on line 76.
 1 [internal function]: CodeIgniter\Debug\Exceptions->shutdownHandler()
CRITICAL - 2024-07-15 12:32:40 --> Error: Class "Locale" not found
[Method: GET, Route: /]
in SYSTEMPATH/CodeIgniter.php on line 190.
 1 SYSTEMPATH/Boot.php(312): CodeIgniter\CodeIgniter->initialize()
 2 SYSTEMPATH/Boot.php(66): CodeIgniter\Boot::initializeCodeIgniter()
 3 FCPATH/index.php(56): CodeIgniter\Boot::bootWeb()
CRITICAL - 2024-07-15 12:32:40 --> ErrorException: Uncaught Error: Class "Locale" not found in /home/u9022432/public_html/dev-psb.ulilalbabkra.sch.id/vendor/codeigniter4/framework/system/I18n/TimeTrait.php:76
Stack trace:
#0 /home/u9022432/public_html/dev-psb.ulilalbabkra.sch.id/vendor/codeigniter4/framework/system/I18n/TimeTrait.php(117): CodeIgniter\I18n\Time->__construct()
#1 /home/u9022432/public_html/dev-psb.ulilalbabkra.sch.id/vendor/codeigniter4/framework/system/HTTP/ResponseTrait.php(395): CodeIgniter\I18n\Time::now()
#2 /home/u9022432/public_html/dev-psb.ulilalbabkra.sch.id/vendor/codeigniter4/framework/system/HTTP/ResponseTrait.php(373): CodeIgniter\HTTP\Response->sendHeaders()
#3 /home/u9022432/public_html/dev-psb.ulilalbabkra.sch.id/vendor/codeigniter4/framework/system/Debug/ExceptionHandler.php(83): CodeIgniter\HTTP\Response->send()
#4 /home/u9022432/public_html/dev-psb.ulilalbabkra.sch.id/vendor/codeigniter4/framework/system/Debug/Exceptions.php(164): CodeIgniter\Debug\ExceptionHandler->handle()
#5 [internal function]: CodeIgniter\Debug\Exceptions->exceptionHandler()
#6 {main}
  thrown
【Previous Exception】
Error
Class "Locale" not found
#0 /home/u9022432/public_html/dev-psb.ulilalbabkra.sch.id/vendor/codeigniter4/framework/system/Boot.php(312): CodeIgniter\CodeIgniter->initialize()
#1 /home/u9022432/public_html/dev-psb.ulilalbabkra.sch.id/vendor/codeigniter4/framework/system/Boot.php(66): CodeIgniter\Boot::initializeCodeIgniter()
#2 /home/u9022432/public_html/dev-psb.ulilalbabkra.sch.id/public/index.php(56): CodeIgniter\Boot::bootWeb()
#3 {main}
[Method: GET, Route: /]
in SYSTEMPATH/I18n/TimeTrait.php on line 76.
 1 [internal function]: CodeIgniter\Debug\Exceptions->shutdownHandler()
CRITICAL - 2024-07-15 13:02:58 --> Error: Class "Locale" not found
[Method: GET, Route: /]
in SYSTEMPATH/CodeIgniter.php on line 190.
 1 SYSTEMPATH/Boot.php(312): CodeIgniter\CodeIgniter->initialize()
 2 SYSTEMPATH/Boot.php(66): CodeIgniter\Boot::initializeCodeIgniter()
 3 FCPATH/index.php(56): CodeIgniter\Boot::bootWeb()
CRITICAL - 2024-07-15 13:02:58 --> ErrorException: Uncaught Error: Class "Locale" not found in /home/u9022432/public_html/dev-psb.ulilalbabkra.sch.id/vendor/codeigniter4/framework/system/I18n/TimeTrait.php:76
Stack trace:
#0 /home/u9022432/public_html/dev-psb.ulilalbabkra.sch.id/vendor/codeigniter4/framework/system/I18n/TimeTrait.php(117): CodeIgniter\I18n\Time->__construct()
#1 /home/u9022432/public_html/dev-psb.ulilalbabkra.sch.id/vendor/codeigniter4/framework/system/HTTP/ResponseTrait.php(395): CodeIgniter\I18n\Time::now()
#2 /home/u9022432/public_html/dev-psb.ulilalbabkra.sch.id/vendor/codeigniter4/framework/system/HTTP/ResponseTrait.php(373): CodeIgniter\HTTP\Response->sendHeaders()
#3 /home/u9022432/public_html/dev-psb.ulilalbabkra.sch.id/vendor/codeigniter4/framework/system/Debug/ExceptionHandler.php(83): CodeIgniter\HTTP\Response->send()
#4 /home/u9022432/public_html/dev-psb.ulilalbabkra.sch.id/vendor/codeigniter4/framework/system/Debug/Exceptions.php(164): CodeIgniter\Debug\ExceptionHandler->handle()
#5 [internal function]: CodeIgniter\Debug\Exceptions->exceptionHandler()
#6 {main}
  thrown
【Previous Exception】
Error
Class "Locale" not found
#0 /home/u9022432/public_html/dev-psb.ulilalbabkra.sch.id/vendor/codeigniter4/framework/system/Boot.php(312): CodeIgniter\CodeIgniter->initialize()
#1 /home/u9022432/public_html/dev-psb.ulilalbabkra.sch.id/vendor/codeigniter4/framework/system/Boot.php(66): CodeIgniter\Boot::initializeCodeIgniter()
#2 /home/u9022432/public_html/dev-psb.ulilalbabkra.sch.id/public/index.php(56): CodeIgniter\Boot::bootWeb()
#3 {main}
[Method: GET, Route: /]
in SYSTEMPATH/I18n/TimeTrait.php on line 76.
 1 [internal function]: CodeIgniter\Debug\Exceptions->shutdownHandler()
CRITICAL - 2024-07-15 13:32:38 --> Error: Class "Locale" not found
[Method: GET, Route: /]
in SYSTEMPATH/CodeIgniter.php on line 190.
 1 SYSTEMPATH/Boot.php(312): CodeIgniter\CodeIgniter->initialize()
 2 SYSTEMPATH/Boot.php(66): CodeIgniter\Boot::initializeCodeIgniter()
 3 FCPATH/index.php(56): CodeIgniter\Boot::bootWeb()
CRITICAL - 2024-07-15 13:32:38 --> ErrorException: Uncaught Error: Class "Locale" not found in /home/u9022432/public_html/dev-psb.ulilalbabkra.sch.id/vendor/codeigniter4/framework/system/I18n/TimeTrait.php:76
Stack trace:
#0 /home/u9022432/public_html/dev-psb.ulilalbabkra.sch.id/vendor/codeigniter4/framework/system/I18n/TimeTrait.php(117): CodeIgniter\I18n\Time->__construct()
#1 /home/u9022432/public_html/dev-psb.ulilalbabkra.sch.id/vendor/codeigniter4/framework/system/HTTP/ResponseTrait.php(395): CodeIgniter\I18n\Time::now()
#2 /home/u9022432/public_html/dev-psb.ulilalbabkra.sch.id/vendor/codeigniter4/framework/system/HTTP/ResponseTrait.php(373): CodeIgniter\HTTP\Response->sendHeaders()
#3 /home/u9022432/public_html/dev-psb.ulilalbabkra.sch.id/vendor/codeigniter4/framework/system/Debug/ExceptionHandler.php(83): CodeIgniter\HTTP\Response->send()
#4 /home/u9022432/public_html/dev-psb.ulilalbabkra.sch.id/vendor/codeigniter4/framework/system/Debug/Exceptions.php(164): CodeIgniter\Debug\ExceptionHandler->handle()
#5 [internal function]: CodeIgniter\Debug\Exceptions->exceptionHandler()
#6 {main}
  thrown
【Previous Exception】
Error
Class "Locale" not found
#0 /home/u9022432/public_html/dev-psb.ulilalbabkra.sch.id/vendor/codeigniter4/framework/system/Boot.php(312): CodeIgniter\CodeIgniter->initialize()
#1 /home/u9022432/public_html/dev-psb.ulilalbabkra.sch.id/vendor/codeigniter4/framework/system/Boot.php(66): CodeIgniter\Boot::initializeCodeIgniter()
#2 /home/u9022432/public_html/dev-psb.ulilalbabkra.sch.id/public/index.php(56): CodeIgniter\Boot::bootWeb()
#3 {main}
[Method: GET, Route: /]
in SYSTEMPATH/I18n/TimeTrait.php on line 76.
 1 [internal function]: CodeIgniter\Debug\Exceptions->shutdownHandler()
CRITICAL - 2024-07-15 14:02:56 --> Error: Class "Locale" not found
[Method: GET, Route: /]
in SYSTEMPATH/CodeIgniter.php on line 190.
 1 SYSTEMPATH/Boot.php(312): CodeIgniter\CodeIgniter->initialize()
 2 SYSTEMPATH/Boot.php(66): CodeIgniter\Boot::initializeCodeIgniter()
 3 FCPATH/index.php(56): CodeIgniter\Boot::bootWeb()
CRITICAL - 2024-07-15 14:02:56 --> ErrorException: Uncaught Error: Class "Locale" not found in /home/u9022432/public_html/dev-psb.ulilalbabkra.sch.id/vendor/codeigniter4/framework/system/I18n/TimeTrait.php:76
Stack trace:
#0 /home/u9022432/public_html/dev-psb.ulilalbabkra.sch.id/vendor/codeigniter4/framework/system/I18n/TimeTrait.php(117): CodeIgniter\I18n\Time->__construct()
#1 /home/u9022432/public_html/dev-psb.ulilalbabkra.sch.id/vendor/codeigniter4/framework/system/HTTP/ResponseTrait.php(395): CodeIgniter\I18n\Time::now()
#2 /home/u9022432/public_html/dev-psb.ulilalbabkra.sch.id/vendor/codeigniter4/framework/system/HTTP/ResponseTrait.php(373): CodeIgniter\HTTP\Response->sendHeaders()
#3 /home/u9022432/public_html/dev-psb.ulilalbabkra.sch.id/vendor/codeigniter4/framework/system/Debug/ExceptionHandler.php(83): CodeIgniter\HTTP\Response->send()
#4 /home/u9022432/public_html/dev-psb.ulilalbabkra.sch.id/vendor/codeigniter4/framework/system/Debug/Exceptions.php(164): CodeIgniter\Debug\ExceptionHandler->handle()
#5 [internal function]: CodeIgniter\Debug\Exceptions->exceptionHandler()
#6 {main}
  thrown
【Previous Exception】
Error
Class "Locale" not found
#0 /home/u9022432/public_html/dev-psb.ulilalbabkra.sch.id/vendor/codeigniter4/framework/system/Boot.php(312): CodeIgniter\CodeIgniter->initialize()
#1 /home/u9022432/public_html/dev-psb.ulilalbabkra.sch.id/vendor/codeigniter4/framework/system/Boot.php(66): CodeIgniter\Boot::initializeCodeIgniter()
#2 /home/u9022432/public_html/dev-psb.ulilalbabkra.sch.id/public/index.php(56): CodeIgniter\Boot::bootWeb()
#3 {main}
[Method: GET, Route: /]
in SYSTEMPATH/I18n/TimeTrait.php on line 76.
 1 [internal function]: CodeIgniter\Debug\Exceptions->shutdownHandler()
CRITICAL - 2024-07-15 14:32:34 --> Error: Class "Locale" not found
[Method: GET, Route: /]
in SYSTEMPATH/CodeIgniter.php on line 190.
 1 SYSTEMPATH/Boot.php(312): CodeIgniter\CodeIgniter->initialize()
 2 SYSTEMPATH/Boot.php(66): CodeIgniter\Boot::initializeCodeIgniter()
 3 FCPATH/index.php(56): CodeIgniter\Boot::bootWeb()
CRITICAL - 2024-07-15 14:32:34 --> ErrorException: Uncaught Error: Class "Locale" not found in /home/u9022432/public_html/dev-psb.ulilalbabkra.sch.id/vendor/codeigniter4/framework/system/I18n/TimeTrait.php:76
Stack trace:
#0 /home/u9022432/public_html/dev-psb.ulilalbabkra.sch.id/vendor/codeigniter4/framework/system/I18n/TimeTrait.php(117): CodeIgniter\I18n\Time->__construct()
#1 /home/u9022432/public_html/dev-psb.ulilalbabkra.sch.id/vendor/codeigniter4/framework/system/HTTP/ResponseTrait.php(395): CodeIgniter\I18n\Time::now()
#2 /home/u9022432/public_html/dev-psb.ulilalbabkra.sch.id/vendor/codeigniter4/framework/system/HTTP/ResponseTrait.php(373): CodeIgniter\HTTP\Response->sendHeaders()
#3 /home/u9022432/public_html/dev-psb.ulilalbabkra.sch.id/vendor/codeigniter4/framework/system/Debug/ExceptionHandler.php(83): CodeIgniter\HTTP\Response->send()
#4 /home/u9022432/public_html/dev-psb.ulilalbabkra.sch.id/vendor/codeigniter4/framework/system/Debug/Exceptions.php(164): CodeIgniter\Debug\ExceptionHandler->handle()
#5 [internal function]: CodeIgniter\Debug\Exceptions->exceptionHandler()
#6 {main}
  thrown
【Previous Exception】
Error
Class "Locale" not found
#0 /home/u9022432/public_html/dev-psb.ulilalbabkra.sch.id/vendor/codeigniter4/framework/system/Boot.php(312): CodeIgniter\CodeIgniter->initialize()
#1 /home/u9022432/public_html/dev-psb.ulilalbabkra.sch.id/vendor/codeigniter4/framework/system/Boot.php(66): CodeIgniter\Boot::initializeCodeIgniter()
#2 /home/u9022432/public_html/dev-psb.ulilalbabkra.sch.id/public/index.php(56): CodeIgniter\Boot::bootWeb()
#3 {main}
[Method: GET, Route: /]
in SYSTEMPATH/I18n/TimeTrait.php on line 76.
 1 [internal function]: CodeIgniter\Debug\Exceptions->shutdownHandler()
CRITICAL - 2024-07-15 15:02:27 --> Error: Class "Locale" not found
[Method: GET, Route: /]
in SYSTEMPATH/CodeIgniter.php on line 190.
 1 SYSTEMPATH/Boot.php(312): CodeIgniter\CodeIgniter->initialize()
 2 SYSTEMPATH/Boot.php(66): CodeIgniter\Boot::initializeCodeIgniter()
 3 FCPATH/index.php(56): CodeIgniter\Boot::bootWeb()
CRITICAL - 2024-07-15 15:02:27 --> ErrorException: Uncaught Error: Class "Locale" not found in /home/u9022432/public_html/dev-psb.ulilalbabkra.sch.id/vendor/codeigniter4/framework/system/I18n/TimeTrait.php:76
Stack trace:
#0 /home/u9022432/public_html/dev-psb.ulilalbabkra.sch.id/vendor/codeigniter4/framework/system/I18n/TimeTrait.php(117): CodeIgniter\I18n\Time->__construct()
#1 /home/u9022432/public_html/dev-psb.ulilalbabkra.sch.id/vendor/codeigniter4/framework/system/HTTP/ResponseTrait.php(395): CodeIgniter\I18n\Time::now()
#2 /home/u9022432/public_html/dev-psb.ulilalbabkra.sch.id/vendor/codeigniter4/framework/system/HTTP/ResponseTrait.php(373): CodeIgniter\HTTP\Response->sendHeaders()
#3 /home/u9022432/public_html/dev-psb.ulilalbabkra.sch.id/vendor/codeigniter4/framework/system/Debug/ExceptionHandler.php(83): CodeIgniter\HTTP\Response->send()
#4 /home/u9022432/public_html/dev-psb.ulilalbabkra.sch.id/vendor/codeigniter4/framework/system/Debug/Exceptions.php(164): CodeIgniter\Debug\ExceptionHandler->handle()
#5 [internal function]: CodeIgniter\Debug\Exceptions->exceptionHandler()
#6 {main}
  thrown
【Previous Exception】
Error
Class "Locale" not found
#0 /home/u9022432/public_html/dev-psb.ulilalbabkra.sch.id/vendor/codeigniter4/framework/system/Boot.php(312): CodeIgniter\CodeIgniter->initialize()
#1 /home/u9022432/public_html/dev-psb.ulilalbabkra.sch.id/vendor/codeigniter4/framework/system/Boot.php(66): CodeIgniter\Boot::initializeCodeIgniter()
#2 /home/u9022432/public_html/dev-psb.ulilalbabkra.sch.id/public/index.php(56): CodeIgniter\Boot::bootWeb()
#3 {main}
[Method: GET, Route: /]
in SYSTEMPATH/I18n/TimeTrait.php on line 76.
 1 [internal function]: CodeIgniter\Debug\Exceptions->shutdownHandler()
CRITICAL - 2024-07-15 15:32:38 --> Error: Class "Locale" not found
[Method: GET, Route: /]
in SYSTEMPATH/CodeIgniter.php on line 190.
 1 SYSTEMPATH/Boot.php(312): CodeIgniter\CodeIgniter->initialize()
 2 SYSTEMPATH/Boot.php(66): CodeIgniter\Boot::initializeCodeIgniter()
 3 FCPATH/index.php(56): CodeIgniter\Boot::bootWeb()
CRITICAL - 2024-07-15 15:32:38 --> ErrorException: Uncaught Error: Class "Locale" not found in /home/u9022432/public_html/dev-psb.ulilalbabkra.sch.id/vendor/codeigniter4/framework/system/I18n/TimeTrait.php:76
Stack trace:
#0 /home/u9022432/public_html/dev-psb.ulilalbabkra.sch.id/vendor/codeigniter4/framework/system/I18n/TimeTrait.php(117): CodeIgniter\I18n\Time->__construct()
#1 /home/u9022432/public_html/dev-psb.ulilalbabkra.sch.id/vendor/codeigniter4/framework/system/HTTP/ResponseTrait.php(395): CodeIgniter\I18n\Time::now()
#2 /home/u9022432/public_html/dev-psb.ulilalbabkra.sch.id/vendor/codeigniter4/framework/system/HTTP/ResponseTrait.php(373): CodeIgniter\HTTP\Response->sendHeaders()
#3 /home/u9022432/public_html/dev-psb.ulilalbabkra.sch.id/vendor/codeigniter4/framework/system/Debug/ExceptionHandler.php(83): CodeIgniter\HTTP\Response->send()
#4 /home/u9022432/public_html/dev-psb.ulilalbabkra.sch.id/vendor/codeigniter4/framework/system/Debug/Exceptions.php(164): CodeIgniter\Debug\ExceptionHandler->handle()
#5 [internal function]: CodeIgniter\Debug\Exceptions->exceptionHandler()
#6 {main}
  thrown
【Previous Exception】
Error
Class "Locale" not found
#0 /home/u9022432/public_html/dev-psb.ulilalbabkra.sch.id/vendor/codeigniter4/framework/system/Boot.php(312): CodeIgniter\CodeIgniter->initialize()
#1 /home/u9022432/public_html/dev-psb.ulilalbabkra.sch.id/vendor/codeigniter4/framework/system/Boot.php(66): CodeIgniter\Boot::initializeCodeIgniter()
#2 /home/u9022432/public_html/dev-psb.ulilalbabkra.sch.id/public/index.php(56): CodeIgniter\Boot::bootWeb()
#3 {main}
[Method: GET, Route: /]
in SYSTEMPATH/I18n/TimeTrait.php on line 76.
 1 [internal function]: CodeIgniter\Debug\Exceptions->shutdownHandler()
CRITICAL - 2024-07-15 16:02:50 --> Error: Class "Locale" not found
[Method: GET, Route: /]
in SYSTEMPATH/CodeIgniter.php on line 190.
 1 SYSTEMPATH/Boot.php(312): CodeIgniter\CodeIgniter->initialize()
 2 SYSTEMPATH/Boot.php(66): CodeIgniter\Boot::initializeCodeIgniter()
 3 FCPATH/index.php(56): CodeIgniter\Boot::bootWeb()
CRITICAL - 2024-07-15 16:02:50 --> ErrorException: Uncaught Error: Class "Locale" not found in /home/u9022432/public_html/dev-psb.ulilalbabkra.sch.id/vendor/codeigniter4/framework/system/I18n/TimeTrait.php:76
Stack trace:
#0 /home/u9022432/public_html/dev-psb.ulilalbabkra.sch.id/vendor/codeigniter4/framework/system/I18n/TimeTrait.php(117): CodeIgniter\I18n\Time->__construct()
#1 /home/u9022432/public_html/dev-psb.ulilalbabkra.sch.id/vendor/codeigniter4/framework/system/HTTP/ResponseTrait.php(395): CodeIgniter\I18n\Time::now()
#2 /home/u9022432/public_html/dev-psb.ulilalbabkra.sch.id/vendor/codeigniter4/framework/system/HTTP/ResponseTrait.php(373): CodeIgniter\HTTP\Response->sendHeaders()
#3 /home/u9022432/public_html/dev-psb.ulilalbabkra.sch.id/vendor/codeigniter4/framework/system/Debug/ExceptionHandler.php(83): CodeIgniter\HTTP\Response->send()
#4 /home/u9022432/public_html/dev-psb.ulilalbabkra.sch.id/vendor/codeigniter4/framework/system/Debug/Exceptions.php(164): CodeIgniter\Debug\ExceptionHandler->handle()
#5 [internal function]: CodeIgniter\Debug\Exceptions->exceptionHandler()
#6 {main}
  thrown
【Previous Exception】
Error
Class "Locale" not found
#0 /home/u9022432/public_html/dev-psb.ulilalbabkra.sch.id/vendor/codeigniter4/framework/system/Boot.php(312): CodeIgniter\CodeIgniter->initialize()
#1 /home/u9022432/public_html/dev-psb.ulilalbabkra.sch.id/vendor/codeigniter4/framework/system/Boot.php(66): CodeIgniter\Boot::initializeCodeIgniter()
#2 /home/u9022432/public_html/dev-psb.ulilalbabkra.sch.id/public/index.php(56): CodeIgniter\Boot::bootWeb()
#3 {main}
[Method: GET, Route: /]
in SYSTEMPATH/I18n/TimeTrait.php on line 76.
 1 [internal function]: CodeIgniter\Debug\Exceptions->shutdownHandler()
CRITICAL - 2024-07-15 16:32:36 --> Error: Class "Locale" not found
[Method: GET, Route: /]
in SYSTEMPATH/CodeIgniter.php on line 190.
 1 SYSTEMPATH/Boot.php(312): CodeIgniter\CodeIgniter->initialize()
 2 SYSTEMPATH/Boot.php(66): CodeIgniter\Boot::initializeCodeIgniter()
 3 FCPATH/index.php(56): CodeIgniter\Boot::bootWeb()
CRITICAL - 2024-07-15 16:32:36 --> ErrorException: Uncaught Error: Class "Locale" not found in /home/u9022432/public_html/dev-psb.ulilalbabkra.sch.id/vendor/codeigniter4/framework/system/I18n/TimeTrait.php:76
Stack trace:
#0 /home/u9022432/public_html/dev-psb.ulilalbabkra.sch.id/vendor/codeigniter4/framework/system/I18n/TimeTrait.php(117): CodeIgniter\I18n\Time->__construct()
#1 /home/u9022432/public_html/dev-psb.ulilalbabkra.sch.id/vendor/codeigniter4/framework/system/HTTP/ResponseTrait.php(395): CodeIgniter\I18n\Time::now()
#2 /home/u9022432/public_html/dev-psb.ulilalbabkra.sch.id/vendor/codeigniter4/framework/system/HTTP/ResponseTrait.php(373): CodeIgniter\HTTP\Response->sendHeaders()
#3 /home/u9022432/public_html/dev-psb.ulilalbabkra.sch.id/vendor/codeigniter4/framework/system/Debug/ExceptionHandler.php(83): CodeIgniter\HTTP\Response->send()
#4 /home/u9022432/public_html/dev-psb.ulilalbabkra.sch.id/vendor/codeigniter4/framework/system/Debug/Exceptions.php(164): CodeIgniter\Debug\ExceptionHandler->handle()
#5 [internal function]: CodeIgniter\Debug\Exceptions->exceptionHandler()
#6 {main}
  thrown
【Previous Exception】
Error
Class "Locale" not found
#0 /home/u9022432/public_html/dev-psb.ulilalbabkra.sch.id/vendor/codeigniter4/framework/system/Boot.php(312): CodeIgniter\CodeIgniter->initialize()
#1 /home/u9022432/public_html/dev-psb.ulilalbabkra.sch.id/vendor/codeigniter4/framework/system/Boot.php(66): CodeIgniter\Boot::initializeCodeIgniter()
#2 /home/u9022432/public_html/dev-psb.ulilalbabkra.sch.id/public/index.php(56): CodeIgniter\Boot::bootWeb()
#3 {main}
[Method: GET, Route: /]
in SYSTEMPATH/I18n/TimeTrait.php on line 76.
 1 [internal function]: CodeIgniter\Debug\Exceptions->shutdownHandler()
CRITICAL - 2024-07-15 17:02:51 --> Error: Class "Locale" not found
[Method: GET, Route: /]
in SYSTEMPATH/CodeIgniter.php on line 190.
 1 SYSTEMPATH/Boot.php(312): CodeIgniter\CodeIgniter->initialize()
 2 SYSTEMPATH/Boot.php(66): CodeIgniter\Boot::initializeCodeIgniter()
 3 FCPATH/index.php(56): CodeIgniter\Boot::bootWeb()
CRITICAL - 2024-07-15 17:02:51 --> ErrorException: Uncaught Error: Class "Locale" not found in /home/u9022432/public_html/dev-psb.ulilalbabkra.sch.id/vendor/codeigniter4/framework/system/I18n/TimeTrait.php:76
Stack trace:
#0 /home/u9022432/public_html/dev-psb.ulilalbabkra.sch.id/vendor/codeigniter4/framework/system/I18n/TimeTrait.php(117): CodeIgniter\I18n\Time->__construct()
#1 /home/u9022432/public_html/dev-psb.ulilalbabkra.sch.id/vendor/codeigniter4/framework/system/HTTP/ResponseTrait.php(395): CodeIgniter\I18n\Time::now()
#2 /home/u9022432/public_html/dev-psb.ulilalbabkra.sch.id/vendor/codeigniter4/framework/system/HTTP/ResponseTrait.php(373): CodeIgniter\HTTP\Response->sendHeaders()
#3 /home/u9022432/public_html/dev-psb.ulilalbabkra.sch.id/vendor/codeigniter4/framework/system/Debug/ExceptionHandler.php(83): CodeIgniter\HTTP\Response->send()
#4 /home/u9022432/public_html/dev-psb.ulilalbabkra.sch.id/vendor/codeigniter4/framework/system/Debug/Exceptions.php(164): CodeIgniter\Debug\ExceptionHandler->handle()
#5 [internal function]: CodeIgniter\Debug\Exceptions->exceptionHandler()
#6 {main}
  thrown
【Previous Exception】
Error
Class "Locale" not found
#0 /home/u9022432/public_html/dev-psb.ulilalbabkra.sch.id/vendor/codeigniter4/framework/system/Boot.php(312): CodeIgniter\CodeIgniter->initialize()
#1 /home/u9022432/public_html/dev-psb.ulilalbabkra.sch.id/vendor/codeigniter4/framework/system/Boot.php(66): CodeIgniter\Boot::initializeCodeIgniter()
#2 /home/u9022432/public_html/dev-psb.ulilalbabkra.sch.id/public/index.php(56): CodeIgniter\Boot::bootWeb()
#3 {main}
[Method: GET, Route: /]
in SYSTEMPATH/I18n/TimeTrait.php on line 76.
 1 [internal function]: CodeIgniter\Debug\Exceptions->shutdownHandler()
CRITICAL - 2024-07-15 17:33:19 --> Error: Class "Locale" not found
[Method: GET, Route: /]
in SYSTEMPATH/CodeIgniter.php on line 190.
 1 SYSTEMPATH/Boot.php(312): CodeIgniter\CodeIgniter->initialize()
 2 SYSTEMPATH/Boot.php(66): CodeIgniter\Boot::initializeCodeIgniter()
 3 FCPATH/index.php(56): CodeIgniter\Boot::bootWeb()
CRITICAL - 2024-07-15 17:33:19 --> ErrorException: Uncaught Error: Class "Locale" not found in /home/u9022432/public_html/dev-psb.ulilalbabkra.sch.id/vendor/codeigniter4/framework/system/I18n/TimeTrait.php:76
Stack trace:
#0 /home/u9022432/public_html/dev-psb.ulilalbabkra.sch.id/vendor/codeigniter4/framework/system/I18n/TimeTrait.php(117): CodeIgniter\I18n\Time->__construct()
#1 /home/u9022432/public_html/dev-psb.ulilalbabkra.sch.id/vendor/codeigniter4/framework/system/HTTP/ResponseTrait.php(395): CodeIgniter\I18n\Time::now()
#2 /home/u9022432/public_html/dev-psb.ulilalbabkra.sch.id/vendor/codeigniter4/framework/system/HTTP/ResponseTrait.php(373): CodeIgniter\HTTP\Response->sendHeaders()
#3 /home/u9022432/public_html/dev-psb.ulilalbabkra.sch.id/vendor/codeigniter4/framework/system/Debug/ExceptionHandler.php(83): CodeIgniter\HTTP\Response->send()
#4 /home/u9022432/public_html/dev-psb.ulilalbabkra.sch.id/vendor/codeigniter4/framework/system/Debug/Exceptions.php(164): CodeIgniter\Debug\ExceptionHandler->handle()
#5 [internal function]: CodeIgniter\Debug\Exceptions->exceptionHandler()
#6 {main}
  thrown
【Previous Exception】
Error
Class "Locale" not found
#0 /home/u9022432/public_html/dev-psb.ulilalbabkra.sch.id/vendor/codeigniter4/framework/system/Boot.php(312): CodeIgniter\CodeIgniter->initialize()
#1 /home/u9022432/public_html/dev-psb.ulilalbabkra.sch.id/vendor/codeigniter4/framework/system/Boot.php(66): CodeIgniter\Boot::initializeCodeIgniter()
#2 /home/u9022432/public_html/dev-psb.ulilalbabkra.sch.id/public/index.php(56): CodeIgniter\Boot::bootWeb()
#3 {main}
[Method: GET, Route: /]
in SYSTEMPATH/I18n/TimeTrait.php on line 76.
 1 [internal function]: CodeIgniter\Debug\Exceptions->shutdownHandler()
CRITICAL - 2024-07-15 18:02:35 --> Error: Class "Locale" not found
[Method: GET, Route: /]
in SYSTEMPATH/CodeIgniter.php on line 190.
 1 SYSTEMPATH/Boot.php(312): CodeIgniter\CodeIgniter->initialize()
 2 SYSTEMPATH/Boot.php(66): CodeIgniter\Boot::initializeCodeIgniter()
 3 FCPATH/index.php(56): CodeIgniter\Boot::bootWeb()
CRITICAL - 2024-07-15 18:02:35 --> ErrorException: Uncaught Error: Class "Locale" not found in /home/u9022432/public_html/dev-psb.ulilalbabkra.sch.id/vendor/codeigniter4/framework/system/I18n/TimeTrait.php:76
Stack trace:
#0 /home/u9022432/public_html/dev-psb.ulilalbabkra.sch.id/vendor/codeigniter4/framework/system/I18n/TimeTrait.php(117): CodeIgniter\I18n\Time->__construct()
#1 /home/u9022432/public_html/dev-psb.ulilalbabkra.sch.id/vendor/codeigniter4/framework/system/HTTP/ResponseTrait.php(395): CodeIgniter\I18n\Time::now()
#2 /home/u9022432/public_html/dev-psb.ulilalbabkra.sch.id/vendor/codeigniter4/framework/system/HTTP/ResponseTrait.php(373): CodeIgniter\HTTP\Response->sendHeaders()
#3 /home/u9022432/public_html/dev-psb.ulilalbabkra.sch.id/vendor/codeigniter4/framework/system/Debug/ExceptionHandler.php(83): CodeIgniter\HTTP\Response->send()
#4 /home/u9022432/public_html/dev-psb.ulilalbabkra.sch.id/vendor/codeigniter4/framework/system/Debug/Exceptions.php(164): CodeIgniter\Debug\ExceptionHandler->handle()
#5 [internal function]: CodeIgniter\Debug\Exceptions->exceptionHandler()
#6 {main}
  thrown
【Previous Exception】
Error
Class "Locale" not found
#0 /home/u9022432/public_html/dev-psb.ulilalbabkra.sch.id/vendor/codeigniter4/framework/system/Boot.php(312): CodeIgniter\CodeIgniter->initialize()
#1 /home/u9022432/public_html/dev-psb.ulilalbabkra.sch.id/vendor/codeigniter4/framework/system/Boot.php(66): CodeIgniter\Boot::initializeCodeIgniter()
#2 /home/u9022432/public_html/dev-psb.ulilalbabkra.sch.id/public/index.php(56): CodeIgniter\Boot::bootWeb()
#3 {main}
[Method: GET, Route: /]
in SYSTEMPATH/I18n/TimeTrait.php on line 76.
 1 [internal function]: CodeIgniter\Debug\Exceptions->shutdownHandler()
CRITICAL - 2024-07-15 18:32:46 --> Error: Class "Locale" not found
[Method: GET, Route: /]
in SYSTEMPATH/CodeIgniter.php on line 190.
 1 SYSTEMPATH/Boot.php(312): CodeIgniter\CodeIgniter->initialize()
 2 SYSTEMPATH/Boot.php(66): CodeIgniter\Boot::initializeCodeIgniter()
 3 FCPATH/index.php(56): CodeIgniter\Boot::bootWeb()
CRITICAL - 2024-07-15 18:32:46 --> ErrorException: Uncaught Error: Class "Locale" not found in /home/u9022432/public_html/dev-psb.ulilalbabkra.sch.id/vendor/codeigniter4/framework/system/I18n/TimeTrait.php:76
Stack trace:
#0 /home/u9022432/public_html/dev-psb.ulilalbabkra.sch.id/vendor/codeigniter4/framework/system/I18n/TimeTrait.php(117): CodeIgniter\I18n\Time->__construct()
#1 /home/u9022432/public_html/dev-psb.ulilalbabkra.sch.id/vendor/codeigniter4/framework/system/HTTP/ResponseTrait.php(395): CodeIgniter\I18n\Time::now()
#2 /home/u9022432/public_html/dev-psb.ulilalbabkra.sch.id/vendor/codeigniter4/framework/system/HTTP/ResponseTrait.php(373): CodeIgniter\HTTP\Response->sendHeaders()
#3 /home/u9022432/public_html/dev-psb.ulilalbabkra.sch.id/vendor/codeigniter4/framework/system/Debug/ExceptionHandler.php(83): CodeIgniter\HTTP\Response->send()
#4 /home/u9022432/public_html/dev-psb.ulilalbabkra.sch.id/vendor/codeigniter4/framework/system/Debug/Exceptions.php(164): CodeIgniter\Debug\ExceptionHandler->handle()
#5 [internal function]: CodeIgniter\Debug\Exceptions->exceptionHandler()
#6 {main}
  thrown
【Previous Exception】
Error
Class "Locale" not found
#0 /home/u9022432/public_html/dev-psb.ulilalbabkra.sch.id/vendor/codeigniter4/framework/system/Boot.php(312): CodeIgniter\CodeIgniter->initialize()
#1 /home/u9022432/public_html/dev-psb.ulilalbabkra.sch.id/vendor/codeigniter4/framework/system/Boot.php(66): CodeIgniter\Boot::initializeCodeIgniter()
#2 /home/u9022432/public_html/dev-psb.ulilalbabkra.sch.id/public/index.php(56): CodeIgniter\Boot::bootWeb()
#3 {main}
[Method: GET, Route: /]
in SYSTEMPATH/I18n/TimeTrait.php on line 76.
 1 [internal function]: CodeIgniter\Debug\Exceptions->shutdownHandler()
CRITICAL - 2024-07-15 19:02:26 --> Error: Class "Locale" not found
[Method: GET, Route: /]
in SYSTEMPATH/CodeIgniter.php on line 190.
 1 SYSTEMPATH/Boot.php(312): CodeIgniter\CodeIgniter->initialize()
 2 SYSTEMPATH/Boot.php(66): CodeIgniter\Boot::initializeCodeIgniter()
 3 FCPATH/index.php(56): CodeIgniter\Boot::bootWeb()
CRITICAL - 2024-07-15 19:02:26 --> ErrorException: Uncaught Error: Class "Locale" not found in /home/u9022432/public_html/dev-psb.ulilalbabkra.sch.id/vendor/codeigniter4/framework/system/I18n/TimeTrait.php:76
Stack trace:
#0 /home/u9022432/public_html/dev-psb.ulilalbabkra.sch.id/vendor/codeigniter4/framework/system/I18n/TimeTrait.php(117): CodeIgniter\I18n\Time->__construct()
#1 /home/u9022432/public_html/dev-psb.ulilalbabkra.sch.id/vendor/codeigniter4/framework/system/HTTP/ResponseTrait.php(395): CodeIgniter\I18n\Time::now()
#2 /home/u9022432/public_html/dev-psb.ulilalbabkra.sch.id/vendor/codeigniter4/framework/system/HTTP/ResponseTrait.php(373): CodeIgniter\HTTP\Response->sendHeaders()
#3 /home/u9022432/public_html/dev-psb.ulilalbabkra.sch.id/vendor/codeigniter4/framework/system/Debug/ExceptionHandler.php(83): CodeIgniter\HTTP\Response->send()
#4 /home/u9022432/public_html/dev-psb.ulilalbabkra.sch.id/vendor/codeigniter4/framework/system/Debug/Exceptions.php(164): CodeIgniter\Debug\ExceptionHandler->handle()
#5 [internal function]: CodeIgniter\Debug\Exceptions->exceptionHandler()
#6 {main}
  thrown
【Previous Exception】
Error
Class "Locale" not found
#0 /home/u9022432/public_html/dev-psb.ulilalbabkra.sch.id/vendor/codeigniter4/framework/system/Boot.php(312): CodeIgniter\CodeIgniter->initialize()
#1 /home/u9022432/public_html/dev-psb.ulilalbabkra.sch.id/vendor/codeigniter4/framework/system/Boot.php(66): CodeIgniter\Boot::initializeCodeIgniter()
#2 /home/u9022432/public_html/dev-psb.ulilalbabkra.sch.id/public/index.php(56): CodeIgniter\Boot::bootWeb()
#3 {main}
[Method: GET, Route: /]
in SYSTEMPATH/I18n/TimeTrait.php on line 76.
 1 [internal function]: CodeIgniter\Debug\Exceptions->shutdownHandler()
CRITICAL - 2024-07-15 19:30:56 --> Error: Class "Locale" not found
[Method: GET, Route: /]
in SYSTEMPATH/CodeIgniter.php on line 190.
 1 SYSTEMPATH/Boot.php(312): CodeIgniter\CodeIgniter->initialize()
 2 SYSTEMPATH/Boot.php(66): CodeIgniter\Boot::initializeCodeIgniter()
 3 FCPATH/index.php(56): CodeIgniter\Boot::bootWeb()
CRITICAL - 2024-07-15 19:30:57 --> ErrorException: Uncaught Error: Class "Locale" not found in /home/u9022432/public_html/dev-psb.ulilalbabkra.sch.id/vendor/codeigniter4/framework/system/Helpers/number_helper.php:140
Stack trace:
#0 /home/u9022432/public_html/dev-psb.ulilalbabkra.sch.id/vendor/codeigniter4/framework/system/Helpers/number_helper.php(58): format_number()
#1 /home/u9022432/public_html/dev-psb.ulilalbabkra.sch.id/vendor/codeigniter4/framework/system/Debug/BaseExceptionHandler.php(154): number_to_size()
#2 /home/u9022432/public_html/dev-psb.ulilalbabkra.sch.id/app/Views/errors/html/error_exception.php(409): CodeIgniter\Debug\BaseExceptionHandler::describeMemory()
#3 /home/u9022432/public_html/dev-psb.ulilalbabkra.sch.id/vendor/codeigniter4/framework/system/Debug/BaseExceptionHandler.php(266): include('/home/u9022432/...')
#4 /home/u9022432/public_html/dev-psb.ulilalbabkra.sch.id/vendor/codeigniter4/framework/system/Debug/BaseExceptionHandler.php(269): CodeIgniter\Debug\BaseExceptionHandler->CodeIgniter\Debug\{closure}()
#5 /home/u9022432/public_html/dev-psb.ulilalbabkra.sch.id/vendor/codeigniter4/framework/system/Debug/ExceptionHandler.php(114): CodeIgniter\Debug\BaseExceptionHandler->render()
#6 /home/u9022432/public_html/dev-psb.ulilalbabkra.sch.id/vendor/codeigniter4/framework/system/Debug/Exceptions.php(164): CodeIgniter\Debug\ExceptionHandler->handle()
#7 [internal function]: CodeIgniter\Debug\Exceptions->exceptionHandler()
#8 {main}
  thrown
【Previous Exception】
Error
Class "Locale" not found
#0 /home/u9022432/public_html/dev-psb.ulilalbabkra.sch.id/vendor/codeigniter4/framework/system/Boot.php(312): CodeIgniter\CodeIgniter->initialize()
#1 /home/u9022432/public_html/dev-psb.ulilalbabkra.sch.id/vendor/codeigniter4/framework/system/Boot.php(66): CodeIgniter\Boot::initializeCodeIgniter()
#2 /home/u9022432/public_html/dev-psb.ulilalbabkra.sch.id/public/index.php(56): CodeIgniter\Boot::bootWeb()
#3 {main}
[Method: GET, Route: /]
in SYSTEMPATH/Helpers/number_helper.php on line 140.
 1 [internal function]: CodeIgniter\Debug\Exceptions->shutdownHandler()
CRITICAL - 2024-07-15 19:32:43 --> Error: Class "Locale" not found
[Method: GET, Route: /]
in SYSTEMPATH/CodeIgniter.php on line 190.
 1 SYSTEMPATH/Boot.php(312): CodeIgniter\CodeIgniter->initialize()
 2 SYSTEMPATH/Boot.php(66): CodeIgniter\Boot::initializeCodeIgniter()
 3 FCPATH/index.php(56): CodeIgniter\Boot::bootWeb()
CRITICAL - 2024-07-15 19:32:43 --> ErrorException: Uncaught Error: Class "Locale" not found in /home/u9022432/public_html/dev-psb.ulilalbabkra.sch.id/vendor/codeigniter4/framework/system/I18n/TimeTrait.php:76
Stack trace:
#0 /home/u9022432/public_html/dev-psb.ulilalbabkra.sch.id/vendor/codeigniter4/framework/system/I18n/TimeTrait.php(117): CodeIgniter\I18n\Time->__construct()
#1 /home/u9022432/public_html/dev-psb.ulilalbabkra.sch.id/vendor/codeigniter4/framework/system/HTTP/ResponseTrait.php(395): CodeIgniter\I18n\Time::now()
#2 /home/u9022432/public_html/dev-psb.ulilalbabkra.sch.id/vendor/codeigniter4/framework/system/HTTP/ResponseTrait.php(373): CodeIgniter\HTTP\Response->sendHeaders()
#3 /home/u9022432/public_html/dev-psb.ulilalbabkra.sch.id/vendor/codeigniter4/framework/system/Debug/ExceptionHandler.php(83): CodeIgniter\HTTP\Response->send()
#4 /home/u9022432/public_html/dev-psb.ulilalbabkra.sch.id/vendor/codeigniter4/framework/system/Debug/Exceptions.php(164): CodeIgniter\Debug\ExceptionHandler->handle()
#5 [internal function]: CodeIgniter\Debug\Exceptions->exceptionHandler()
#6 {main}
  thrown
【Previous Exception】
Error
Class "Locale" not found
#0 /home/u9022432/public_html/dev-psb.ulilalbabkra.sch.id/vendor/codeigniter4/framework/system/Boot.php(312): CodeIgniter\CodeIgniter->initialize()
#1 /home/u9022432/public_html/dev-psb.ulilalbabkra.sch.id/vendor/codeigniter4/framework/system/Boot.php(66): CodeIgniter\Boot::initializeCodeIgniter()
#2 /home/u9022432/public_html/dev-psb.ulilalbabkra.sch.id/public/index.php(56): CodeIgniter\Boot::bootWeb()
#3 {main}
[Method: GET, Route: /]
in SYSTEMPATH/I18n/TimeTrait.php on line 76.
 1 [internal function]: CodeIgniter\Debug\Exceptions->shutdownHandler()
CRITICAL - 2024-07-15 20:02:46 --> Error: Class "Locale" not found
[Method: GET, Route: /]
in SYSTEMPATH/CodeIgniter.php on line 190.
 1 SYSTEMPATH/Boot.php(312): CodeIgniter\CodeIgniter->initialize()
 2 SYSTEMPATH/Boot.php(66): CodeIgniter\Boot::initializeCodeIgniter()
 3 FCPATH/index.php(56): CodeIgniter\Boot::bootWeb()
CRITICAL - 2024-07-15 20:02:46 --> ErrorException: Uncaught Error: Class "Locale" not found in /home/u9022432/public_html/dev-psb.ulilalbabkra.sch.id/vendor/codeigniter4/framework/system/I18n/TimeTrait.php:76
Stack trace:
#0 /home/u9022432/public_html/dev-psb.ulilalbabkra.sch.id/vendor/codeigniter4/framework/system/I18n/TimeTrait.php(117): CodeIgniter\I18n\Time->__construct()
#1 /home/u9022432/public_html/dev-psb.ulilalbabkra.sch.id/vendor/codeigniter4/framework/system/HTTP/ResponseTrait.php(395): CodeIgniter\I18n\Time::now()
#2 /home/u9022432/public_html/dev-psb.ulilalbabkra.sch.id/vendor/codeigniter4/framework/system/HTTP/ResponseTrait.php(373): CodeIgniter\HTTP\Response->sendHeaders()
#3 /home/u9022432/public_html/dev-psb.ulilalbabkra.sch.id/vendor/codeigniter4/framework/system/Debug/ExceptionHandler.php(83): CodeIgniter\HTTP\Response->send()
#4 /home/u9022432/public_html/dev-psb.ulilalbabkra.sch.id/vendor/codeigniter4/framework/system/Debug/Exceptions.php(164): CodeIgniter\Debug\ExceptionHandler->handle()
#5 [internal function]: CodeIgniter\Debug\Exceptions->exceptionHandler()
#6 {main}
  thrown
【Previous Exception】
Error
Class "Locale" not found
#0 /home/u9022432/public_html/dev-psb.ulilalbabkra.sch.id/vendor/codeigniter4/framework/system/Boot.php(312): CodeIgniter\CodeIgniter->initialize()
#1 /home/u9022432/public_html/dev-psb.ulilalbabkra.sch.id/vendor/codeigniter4/framework/system/Boot.php(66): CodeIgniter\Boot::initializeCodeIgniter()
#2 /home/u9022432/public_html/dev-psb.ulilalbabkra.sch.id/public/index.php(56): CodeIgniter\Boot::bootWeb()
#3 {main}
[Method: GET, Route: /]
in SYSTEMPATH/I18n/TimeTrait.php on line 76.
 1 [internal function]: CodeIgniter\Debug\Exceptions->shutdownHandler()
CRITICAL - 2024-07-15 20:32:21 --> Error: Class "Locale" not found
[Method: GET, Route: /]
in SYSTEMPATH/CodeIgniter.php on line 190.
 1 SYSTEMPATH/Boot.php(312): CodeIgniter\CodeIgniter->initialize()
 2 SYSTEMPATH/Boot.php(66): CodeIgniter\Boot::initializeCodeIgniter()
 3 FCPATH/index.php(56): CodeIgniter\Boot::bootWeb()
CRITICAL - 2024-07-15 20:32:21 --> ErrorException: Uncaught Error: Class "Locale" not found in /home/u9022432/public_html/dev-psb.ulilalbabkra.sch.id/vendor/codeigniter4/framework/system/I18n/TimeTrait.php:76
Stack trace:
#0 /home/u9022432/public_html/dev-psb.ulilalbabkra.sch.id/vendor/codeigniter4/framework/system/I18n/TimeTrait.php(117): CodeIgniter\I18n\Time->__construct()
#1 /home/u9022432/public_html/dev-psb.ulilalbabkra.sch.id/vendor/codeigniter4/framework/system/HTTP/ResponseTrait.php(395): CodeIgniter\I18n\Time::now()
#2 /home/u9022432/public_html/dev-psb.ulilalbabkra.sch.id/vendor/codeigniter4/framework/system/HTTP/ResponseTrait.php(373): CodeIgniter\HTTP\Response->sendHeaders()
#3 /home/u9022432/public_html/dev-psb.ulilalbabkra.sch.id/vendor/codeigniter4/framework/system/Debug/ExceptionHandler.php(83): CodeIgniter\HTTP\Response->send()
#4 /home/u9022432/public_html/dev-psb.ulilalbabkra.sch.id/vendor/codeigniter4/framework/system/Debug/Exceptions.php(164): CodeIgniter\Debug\ExceptionHandler->handle()
#5 [internal function]: CodeIgniter\Debug\Exceptions->exceptionHandler()
#6 {main}
  thrown
【Previous Exception】
Error
Class "Locale" not found
#0 /home/u9022432/public_html/dev-psb.ulilalbabkra.sch.id/vendor/codeigniter4/framework/system/Boot.php(312): CodeIgniter\CodeIgniter->initialize()
#1 /home/u9022432/public_html/dev-psb.ulilalbabkra.sch.id/vendor/codeigniter4/framework/system/Boot.php(66): CodeIgniter\Boot::initializeCodeIgniter()
#2 /home/u9022432/public_html/dev-psb.ulilalbabkra.sch.id/public/index.php(56): CodeIgniter\Boot::bootWeb()
#3 {main}
[Method: GET, Route: /]
in SYSTEMPATH/I18n/TimeTrait.php on line 76.
 1 [internal function]: CodeIgniter\Debug\Exceptions->shutdownHandler()
CRITICAL - 2024-07-15 21:02:41 --> Error: Class "Locale" not found
[Method: GET, Route: /]
in SYSTEMPATH/CodeIgniter.php on line 190.
 1 SYSTEMPATH/Boot.php(312): CodeIgniter\CodeIgniter->initialize()
 2 SYSTEMPATH/Boot.php(66): CodeIgniter\Boot::initializeCodeIgniter()
 3 FCPATH/index.php(56): CodeIgniter\Boot::bootWeb()
CRITICAL - 2024-07-15 21:02:41 --> ErrorException: Uncaught Error: Class "Locale" not found in /home/u9022432/public_html/dev-psb.ulilalbabkra.sch.id/vendor/codeigniter4/framework/system/I18n/TimeTrait.php:76
Stack trace:
#0 /home/u9022432/public_html/dev-psb.ulilalbabkra.sch.id/vendor/codeigniter4/framework/system/I18n/TimeTrait.php(117): CodeIgniter\I18n\Time->__construct()
#1 /home/u9022432/public_html/dev-psb.ulilalbabkra.sch.id/vendor/codeigniter4/framework/system/HTTP/ResponseTrait.php(395): CodeIgniter\I18n\Time::now()
#2 /home/u9022432/public_html/dev-psb.ulilalbabkra.sch.id/vendor/codeigniter4/framework/system/HTTP/ResponseTrait.php(373): CodeIgniter\HTTP\Response->sendHeaders()
#3 /home/u9022432/public_html/dev-psb.ulilalbabkra.sch.id/vendor/codeigniter4/framework/system/Debug/ExceptionHandler.php(83): CodeIgniter\HTTP\Response->send()
#4 /home/u9022432/public_html/dev-psb.ulilalbabkra.sch.id/vendor/codeigniter4/framework/system/Debug/Exceptions.php(164): CodeIgniter\Debug\ExceptionHandler->handle()
#5 [internal function]: CodeIgniter\Debug\Exceptions->exceptionHandler()
#6 {main}
  thrown
【Previous Exception】
Error
Class "Locale" not found
#0 /home/u9022432/public_html/dev-psb.ulilalbabkra.sch.id/vendor/codeigniter4/framework/system/Boot.php(312): CodeIgniter\CodeIgniter->initialize()
#1 /home/u9022432/public_html/dev-psb.ulilalbabkra.sch.id/vendor/codeigniter4/framework/system/Boot.php(66): CodeIgniter\Boot::initializeCodeIgniter()
#2 /home/u9022432/public_html/dev-psb.ulilalbabkra.sch.id/public/index.php(56): CodeIgniter\Boot::bootWeb()
#3 {main}
[Method: GET, Route: /]
in SYSTEMPATH/I18n/TimeTrait.php on line 76.
 1 [internal function]: CodeIgniter\Debug\Exceptions->shutdownHandler()
CRITICAL - 2024-07-15 21:32:44 --> Error: Class "Locale" not found
[Method: GET, Route: /]
in SYSTEMPATH/CodeIgniter.php on line 190.
 1 SYSTEMPATH/Boot.php(312): CodeIgniter\CodeIgniter->initialize()
 2 SYSTEMPATH/Boot.php(66): CodeIgniter\Boot::initializeCodeIgniter()
 3 FCPATH/index.php(56): CodeIgniter\Boot::bootWeb()
CRITICAL - 2024-07-15 21:32:44 --> ErrorException: Uncaught Error: Class "Locale" not found in /home/u9022432/public_html/dev-psb.ulilalbabkra.sch.id/vendor/codeigniter4/framework/system/I18n/TimeTrait.php:76
Stack trace:
#0 /home/u9022432/public_html/dev-psb.ulilalbabkra.sch.id/vendor/codeigniter4/framework/system/I18n/TimeTrait.php(117): CodeIgniter\I18n\Time->__construct()
#1 /home/u9022432/public_html/dev-psb.ulilalbabkra.sch.id/vendor/codeigniter4/framework/system/HTTP/ResponseTrait.php(395): CodeIgniter\I18n\Time::now()
#2 /home/u9022432/public_html/dev-psb.ulilalbabkra.sch.id/vendor/codeigniter4/framework/system/HTTP/ResponseTrait.php(373): CodeIgniter\HTTP\Response->sendHeaders()
#3 /home/u9022432/public_html/dev-psb.ulilalbabkra.sch.id/vendor/codeigniter4/framework/system/Debug/ExceptionHandler.php(83): CodeIgniter\HTTP\Response->send()
#4 /home/u9022432/public_html/dev-psb.ulilalbabkra.sch.id/vendor/codeigniter4/framework/system/Debug/Exceptions.php(164): CodeIgniter\Debug\ExceptionHandler->handle()
#5 [internal function]: CodeIgniter\Debug\Exceptions->exceptionHandler()
#6 {main}
  thrown
【Previous Exception】
Error
Class "Locale" not found
#0 /home/u9022432/public_html/dev-psb.ulilalbabkra.sch.id/vendor/codeigniter4/framework/system/Boot.php(312): CodeIgniter\CodeIgniter->initialize()
#1 /home/u9022432/public_html/dev-psb.ulilalbabkra.sch.id/vendor/codeigniter4/framework/system/Boot.php(66): CodeIgniter\Boot::initializeCodeIgniter()
#2 /home/u9022432/public_html/dev-psb.ulilalbabkra.sch.id/public/index.php(56): CodeIgniter\Boot::bootWeb()
#3 {main}
[Method: GET, Route: /]
in SYSTEMPATH/I18n/TimeTrait.php on line 76.
 1 [internal function]: CodeIgniter\Debug\Exceptions->shutdownHandler()
CRITICAL - 2024-07-15 22:02:36 --> Error: Class "Locale" not found
[Method: GET, Route: /]
in SYSTEMPATH/CodeIgniter.php on line 190.
 1 SYSTEMPATH/Boot.php(312): CodeIgniter\CodeIgniter->initialize()
 2 SYSTEMPATH/Boot.php(66): CodeIgniter\Boot::initializeCodeIgniter()
 3 FCPATH/index.php(56): CodeIgniter\Boot::bootWeb()
CRITICAL - 2024-07-15 22:02:36 --> ErrorException: Uncaught Error: Class "Locale" not found in /home/u9022432/public_html/dev-psb.ulilalbabkra.sch.id/vendor/codeigniter4/framework/system/I18n/TimeTrait.php:76
Stack trace:
#0 /home/u9022432/public_html/dev-psb.ulilalbabkra.sch.id/vendor/codeigniter4/framework/system/I18n/TimeTrait.php(117): CodeIgniter\I18n\Time->__construct()
#1 /home/u9022432/public_html/dev-psb.ulilalbabkra.sch.id/vendor/codeigniter4/framework/system/HTTP/ResponseTrait.php(395): CodeIgniter\I18n\Time::now()
#2 /home/u9022432/public_html/dev-psb.ulilalbabkra.sch.id/vendor/codeigniter4/framework/system/HTTP/ResponseTrait.php(373): CodeIgniter\HTTP\Response->sendHeaders()
#3 /home/u9022432/public_html/dev-psb.ulilalbabkra.sch.id/vendor/codeigniter4/framework/system/Debug/ExceptionHandler.php(83): CodeIgniter\HTTP\Response->send()
#4 /home/u9022432/public_html/dev-psb.ulilalbabkra.sch.id/vendor/codeigniter4/framework/system/Debug/Exceptions.php(164): CodeIgniter\Debug\ExceptionHandler->handle()
#5 [internal function]: CodeIgniter\Debug\Exceptions->exceptionHandler()
#6 {main}
  thrown
【Previous Exception】
Error
Class "Locale" not found
#0 /home/u9022432/public_html/dev-psb.ulilalbabkra.sch.id/vendor/codeigniter4/framework/system/Boot.php(312): CodeIgniter\CodeIgniter->initialize()
#1 /home/u9022432/public_html/dev-psb.ulilalbabkra.sch.id/vendor/codeigniter4/framework/system/Boot.php(66): CodeIgniter\Boot::initializeCodeIgniter()
#2 /home/u9022432/public_html/dev-psb.ulilalbabkra.sch.id/public/index.php(56): CodeIgniter\Boot::bootWeb()
#3 {main}
[Method: GET, Route: /]
in SYSTEMPATH/I18n/TimeTrait.php on line 76.
 1 [internal function]: CodeIgniter\Debug\Exceptions->shutdownHandler()
CRITICAL - 2024-07-15 22:33:49 --> Error: Class "Locale" not found
[Method: GET, Route: /]
in SYSTEMPATH/CodeIgniter.php on line 190.
 1 SYSTEMPATH/Boot.php(312): CodeIgniter\CodeIgniter->initialize()
 2 SYSTEMPATH/Boot.php(66): CodeIgniter\Boot::initializeCodeIgniter()
 3 FCPATH/index.php(56): CodeIgniter\Boot::bootWeb()
CRITICAL - 2024-07-15 22:33:49 --> ErrorException: Uncaught Error: Class "Locale" not found in /home/u9022432/public_html/dev-psb.ulilalbabkra.sch.id/vendor/codeigniter4/framework/system/I18n/TimeTrait.php:76
Stack trace:
#0 /home/u9022432/public_html/dev-psb.ulilalbabkra.sch.id/vendor/codeigniter4/framework/system/I18n/TimeTrait.php(117): CodeIgniter\I18n\Time->__construct()
#1 /home/u9022432/public_html/dev-psb.ulilalbabkra.sch.id/vendor/codeigniter4/framework/system/HTTP/ResponseTrait.php(395): CodeIgniter\I18n\Time::now()
#2 /home/u9022432/public_html/dev-psb.ulilalbabkra.sch.id/vendor/codeigniter4/framework/system/HTTP/ResponseTrait.php(373): CodeIgniter\HTTP\Response->sendHeaders()
#3 /home/u9022432/public_html/dev-psb.ulilalbabkra.sch.id/vendor/codeigniter4/framework/system/Debug/ExceptionHandler.php(83): CodeIgniter\HTTP\Response->send()
#4 /home/u9022432/public_html/dev-psb.ulilalbabkra.sch.id/vendor/codeigniter4/framework/system/Debug/Exceptions.php(164): CodeIgniter\Debug\ExceptionHandler->handle()
#5 [internal function]: CodeIgniter\Debug\Exceptions->exceptionHandler()
#6 {main}
  thrown
【Previous Exception】
Error
Class "Locale" not found
#0 /home/u9022432/public_html/dev-psb.ulilalbabkra.sch.id/vendor/codeigniter4/framework/system/Boot.php(312): CodeIgniter\CodeIgniter->initialize()
#1 /home/u9022432/public_html/dev-psb.ulilalbabkra.sch.id/vendor/codeigniter4/framework/system/Boot.php(66): CodeIgniter\Boot::initializeCodeIgniter()
#2 /home/u9022432/public_html/dev-psb.ulilalbabkra.sch.id/public/index.php(56): CodeIgniter\Boot::bootWeb()
#3 {main}
[Method: GET, Route: /]
in SYSTEMPATH/I18n/TimeTrait.php on line 76.
 1 [internal function]: CodeIgniter\Debug\Exceptions->shutdownHandler()
CRITICAL - 2024-07-15 23:03:26 --> Error: Class "Locale" not found
[Method: GET, Route: /]
in SYSTEMPATH/CodeIgniter.php on line 190.
 1 SYSTEMPATH/Boot.php(312): CodeIgniter\CodeIgniter->initialize()
 2 SYSTEMPATH/Boot.php(66): CodeIgniter\Boot::initializeCodeIgniter()
 3 FCPATH/index.php(56): CodeIgniter\Boot::bootWeb()
CRITICAL - 2024-07-15 23:03:26 --> ErrorException: Uncaught Error: Class "Locale" not found in /home/u9022432/public_html/dev-psb.ulilalbabkra.sch.id/vendor/codeigniter4/framework/system/I18n/TimeTrait.php:76
Stack trace:
#0 /home/u9022432/public_html/dev-psb.ulilalbabkra.sch.id/vendor/codeigniter4/framework/system/I18n/TimeTrait.php(117): CodeIgniter\I18n\Time->__construct()
#1 /home/u9022432/public_html/dev-psb.ulilalbabkra.sch.id/vendor/codeigniter4/framework/system/HTTP/ResponseTrait.php(395): CodeIgniter\I18n\Time::now()
#2 /home/u9022432/public_html/dev-psb.ulilalbabkra.sch.id/vendor/codeigniter4/framework/system/HTTP/ResponseTrait.php(373): CodeIgniter\HTTP\Response->sendHeaders()
#3 /home/u9022432/public_html/dev-psb.ulilalbabkra.sch.id/vendor/codeigniter4/framework/system/Debug/ExceptionHandler.php(83): CodeIgniter\HTTP\Response->send()
#4 /home/u9022432/public_html/dev-psb.ulilalbabkra.sch.id/vendor/codeigniter4/framework/system/Debug/Exceptions.php(164): CodeIgniter\Debug\ExceptionHandler->handle()
#5 [internal function]: CodeIgniter\Debug\Exceptions->exceptionHandler()
#6 {main}
  thrown
【Previous Exception】
Error
Class "Locale" not found
#0 /home/u9022432/public_html/dev-psb.ulilalbabkra.sch.id/vendor/codeigniter4/framework/system/Boot.php(312): CodeIgniter\CodeIgniter->initialize()
#1 /home/u9022432/public_html/dev-psb.ulilalbabkra.sch.id/vendor/codeigniter4/framework/system/Boot.php(66): CodeIgniter\Boot::initializeCodeIgniter()
#2 /home/u9022432/public_html/dev-psb.ulilalbabkra.sch.id/public/index.php(56): CodeIgniter\Boot::bootWeb()
#3 {main}
[Method: GET, Route: /]
in SYSTEMPATH/I18n/TimeTrait.php on line 76.
 1 [internal function]: CodeIgniter\Debug\Exceptions->shutdownHandler()
CRITICAL - 2024-07-15 23:33:34 --> Error: Class "Locale" not found
[Method: GET, Route: /]
in SYSTEMPATH/CodeIgniter.php on line 190.
 1 SYSTEMPATH/Boot.php(312): CodeIgniter\CodeIgniter->initialize()
 2 SYSTEMPATH/Boot.php(66): CodeIgniter\Boot::initializeCodeIgniter()
 3 FCPATH/index.php(56): CodeIgniter\Boot::bootWeb()
CRITICAL - 2024-07-15 23:33:34 --> ErrorException: Uncaught Error: Class "Locale" not found in /home/u9022432/public_html/dev-psb.ulilalbabkra.sch.id/vendor/codeigniter4/framework/system/I18n/TimeTrait.php:76
Stack trace:
#0 /home/u9022432/public_html/dev-psb.ulilalbabkra.sch.id/vendor/codeigniter4/framework/system/I18n/TimeTrait.php(117): CodeIgniter\I18n\Time->__construct()
#1 /home/u9022432/public_html/dev-psb.ulilalbabkra.sch.id/vendor/codeigniter4/framework/system/HTTP/ResponseTrait.php(395): CodeIgniter\I18n\Time::now()
#2 /home/u9022432/public_html/dev-psb.ulilalbabkra.sch.id/vendor/codeigniter4/framework/system/HTTP/ResponseTrait.php(373): CodeIgniter\HTTP\Response->sendHeaders()
#3 /home/u9022432/public_html/dev-psb.ulilalbabkra.sch.id/vendor/codeigniter4/framework/system/Debug/ExceptionHandler.php(83): CodeIgniter\HTTP\Response->send()
#4 /home/u9022432/public_html/dev-psb.ulilalbabkra.sch.id/vendor/codeigniter4/framework/system/Debug/Exceptions.php(164): CodeIgniter\Debug\ExceptionHandler->handle()
#5 [internal function]: CodeIgniter\Debug\Exceptions->exceptionHandler()
#6 {main}
  thrown
【Previous Exception】
Error
Class "Locale" not found
#0 /home/u9022432/public_html/dev-psb.ulilalbabkra.sch.id/vendor/codeigniter4/framework/system/Boot.php(312): CodeIgniter\CodeIgniter->initialize()
#1 /home/u9022432/public_html/dev-psb.ulilalbabkra.sch.id/vendor/codeigniter4/framework/system/Boot.php(66): CodeIgniter\Boot::initializeCodeIgniter()
#2 /home/u9022432/public_html/dev-psb.ulilalbabkra.sch.id/public/index.php(56): CodeIgniter\Boot::bootWeb()
#3 {main}
[Method: GET, Route: /]
in SYSTEMPATH/I18n/TimeTrait.php on line 76.
 1 [internal function]: CodeIgniter\Debug\Exceptions->shutdownHandler()
CRITICAL - 2024-07-15 23:34:28 --> Error: Class "Locale" not found
[Method: GET, Route: /]
in SYSTEMPATH/CodeIgniter.php on line 190.
 1 SYSTEMPATH/Boot.php(312): CodeIgniter\CodeIgniter->initialize()
 2 SYSTEMPATH/Boot.php(66): CodeIgniter\Boot::initializeCodeIgniter()
 3 FCPATH/index.php(56): CodeIgniter\Boot::bootWeb()
CRITICAL - 2024-07-15 23:34:28 --> ErrorException: Uncaught Error: Class "Locale" not found in /home/u9022432/public_html/dev-psb.ulilalbabkra.sch.id/vendor/codeigniter4/framework/system/Helpers/number_helper.php:140
Stack trace:
#0 /home/u9022432/public_html/dev-psb.ulilalbabkra.sch.id/vendor/codeigniter4/framework/system/Helpers/number_helper.php(58): format_number()
#1 /home/u9022432/public_html/dev-psb.ulilalbabkra.sch.id/vendor/codeigniter4/framework/system/Debug/BaseExceptionHandler.php(154): number_to_size()
#2 /home/u9022432/public_html/dev-psb.ulilalbabkra.sch.id/app/Views/errors/html/error_exception.php(409): CodeIgniter\Debug\BaseExceptionHandler::describeMemory()
#3 /home/u9022432/public_html/dev-psb.ulilalbabkra.sch.id/vendor/codeigniter4/framework/system/Debug/BaseExceptionHandler.php(266): include('/home/u9022432/...')
#4 /home/u9022432/public_html/dev-psb.ulilalbabkra.sch.id/vendor/codeigniter4/framework/system/Debug/BaseExceptionHandler.php(269): CodeIgniter\Debug\BaseExceptionHandler->CodeIgniter\Debug\{closure}()
#5 /home/u9022432/public_html/dev-psb.ulilalbabkra.sch.id/vendor/codeigniter4/framework/system/Debug/ExceptionHandler.php(114): CodeIgniter\Debug\BaseExceptionHandler->render()
#6 /home/u9022432/public_html/dev-psb.ulilalbabkra.sch.id/vendor/codeigniter4/framework/system/Debug/Exceptions.php(164): CodeIgniter\Debug\ExceptionHandler->handle()
#7 [internal function]: CodeIgniter\Debug\Exceptions->exceptionHandler()
#8 {main}
  thrown
【Previous Exception】
Error
Class "Locale" not found
#0 /home/u9022432/public_html/dev-psb.ulilalbabkra.sch.id/vendor/codeigniter4/framework/system/Boot.php(312): CodeIgniter\CodeIgniter->initialize()
#1 /home/u9022432/public_html/dev-psb.ulilalbabkra.sch.id/vendor/codeigniter4/framework/system/Boot.php(66): CodeIgniter\Boot::initializeCodeIgniter()
#2 /home/u9022432/public_html/dev-psb.ulilalbabkra.sch.id/public/index.php(56): CodeIgniter\Boot::bootWeb()
#3 {main}
[Method: GET, Route: /]
in SYSTEMPATH/Helpers/number_helper.php on line 140.
 1 [internal function]: CodeIgniter\Debug\Exceptions->shutdownHandler()
CRITICAL - 2024-07-15 23:39:50 --> Error: Class "Locale" not found
[Method: GET, Route: /]
in SYSTEMPATH/CodeIgniter.php on line 190.
 1 SYSTEMPATH/Boot.php(312): CodeIgniter\CodeIgniter->initialize()
 2 SYSTEMPATH/Boot.php(66): CodeIgniter\Boot::initializeCodeIgniter()
 3 FCPATH/index.php(56): CodeIgniter\Boot::bootWeb()
CRITICAL - 2024-07-15 23:39:50 --> ErrorException: Uncaught Error: Class "Locale" not found in /home/u9022432/public_html/dev-psb.ulilalbabkra.sch.id/vendor/codeigniter4/framework/system/Helpers/number_helper.php:140
Stack trace:
#0 /home/u9022432/public_html/dev-psb.ulilalbabkra.sch.id/vendor/codeigniter4/framework/system/Helpers/number_helper.php(58): format_number()
#1 /home/u9022432/public_html/dev-psb.ulilalbabkra.sch.id/vendor/codeigniter4/framework/system/Debug/BaseExceptionHandler.php(154): number_to_size()
#2 /home/u9022432/public_html/dev-psb.ulilalbabkra.sch.id/app/Views/errors/html/error_exception.php(409): CodeIgniter\Debug\BaseExceptionHandler::describeMemory()
#3 /home/u9022432/public_html/dev-psb.ulilalbabkra.sch.id/vendor/codeigniter4/framework/system/Debug/BaseExceptionHandler.php(266): include('/home/u9022432/...')
#4 /home/u9022432/public_html/dev-psb.ulilalbabkra.sch.id/vendor/codeigniter4/framework/system/Debug/BaseExceptionHandler.php(269): CodeIgniter\Debug\BaseExceptionHandler->CodeIgniter\Debug\{closure}()
#5 /home/u9022432/public_html/dev-psb.ulilalbabkra.sch.id/vendor/codeigniter4/framework/system/Debug/ExceptionHandler.php(114): CodeIgniter\Debug\BaseExceptionHandler->render()
#6 /home/u9022432/public_html/dev-psb.ulilalbabkra.sch.id/vendor/codeigniter4/framework/system/Debug/Exceptions.php(164): CodeIgniter\Debug\ExceptionHandler->handle()
#7 [internal function]: CodeIgniter\Debug\Exceptions->exceptionHandler()
#8 {main}
  thrown
【Previous Exception】
Error
Class "Locale" not found
#0 /home/u9022432/public_html/dev-psb.ulilalbabkra.sch.id/vendor/codeigniter4/framework/system/Boot.php(312): CodeIgniter\CodeIgniter->initialize()
#1 /home/u9022432/public_html/dev-psb.ulilalbabkra.sch.id/vendor/codeigniter4/framework/system/Boot.php(66): CodeIgniter\Boot::initializeCodeIgniter()
#2 /home/u9022432/public_html/dev-psb.ulilalbabkra.sch.id/public/index.php(56): CodeIgniter\Boot::bootWeb()
#3 {main}
[Method: GET, Route: /]
in SYSTEMPATH/Helpers/number_helper.php on line 140.
 1 [internal function]: CodeIgniter\Debug\Exceptions->shutdownHandler()
