INFO - 2024-11-03 09:41:52 --> Session: Class initialized using 'CodeIgniter\Session\Handlers\FileHandler' driver.
INFO - 2024-11-03 14:19:30 --> Session: Class initialized using 'CodeIgniter\Session\Handlers\FileHandler' driver.
ERROR - 2024-11-03 14:19:30 --> Error connecting to the database: mysqli_sql_exception: No such file or directory in /Users/galihagung/Documents/Development/ulilalbab/dev-psb.ulilalbabkra.sch.id/psb-ulilalbab/vendor/codeigniter4/framework/system/Database/MySQLi/Connection.php:186
Stack trace:
#0 /Users/galihagung/Documents/Development/ulilalbab/dev-psb.ulilalbabkra.sch.id/psb-ulilalbab/vendor/codeigniter4/framework/system/Database/MySQLi/Connection.php(186): mysqli->real_connect('localhost', 'root', Object(SensitiveParameterValue), 'psb', 3306, '', 0)
#1 /Users/galihagung/Documents/Development/ulilalbab/dev-psb.ulilalbabkra.sch.id/psb-ulilalbab/vendor/codeigniter4/framework/system/Database/BaseConnection.php(421): CodeIgniter\Database\MySQLi\Connection->connect(false)
#2 /Users/galihagung/Documents/Development/ulilalbab/dev-psb.ulilalbabkra.sch.id/psb-ulilalbab/vendor/codeigniter4/framework/system/Database/BaseConnection.php(616): CodeIgniter\Database\BaseConnection->initialize()
#3 /Users/galihagung/Documents/Development/ulilalbab/dev-psb.ulilalbabkra.sch.id/psb-ulilalbab/vendor/codeigniter4/framework/system/Database/BaseBuilder.php(1636): CodeIgniter\Database\BaseConnection->query('SELECT *\nFROM `...', Array, false)
#4 /Users/galihagung/Documents/Development/ulilalbab/dev-psb.ulilalbabkra.sch.id/psb-ulilalbab/vendor/codeigniter4/framework/system/Model.php(286): CodeIgniter\Database\BaseBuilder->get()
#5 /Users/galihagung/Documents/Development/ulilalbab/dev-psb.ulilalbabkra.sch.id/psb-ulilalbab/vendor/codeigniter4/framework/system/BaseModel.php(676): CodeIgniter\Model->doFindAll(0, 0)
#6 /Users/galihagung/Documents/Development/ulilalbab/dev-psb.ulilalbabkra.sch.id/psb-ulilalbab/app/Controllers/Home.php(246): CodeIgniter\BaseModel->findAll()
#7 /Users/galihagung/Documents/Development/ulilalbab/dev-psb.ulilalbabkra.sch.id/psb-ulilalbab/app/Controllers/Home.php(229): App\Controllers\Home->dashboard()
#8 /Users/galihagung/Documents/Development/ulilalbab/dev-psb.ulilalbabkra.sch.id/psb-ulilalbab/vendor/codeigniter4/framework/system/CodeIgniter.php(933): App\Controllers\Home->AdminLogin()
#9 /Users/galihagung/Documents/Development/ulilalbab/dev-psb.ulilalbabkra.sch.id/psb-ulilalbab/vendor/codeigniter4/framework/system/CodeIgniter.php(509): CodeIgniter\CodeIgniter->runController(Object(App\Controllers\Home))
#10 /Users/galihagung/Documents/Development/ulilalbab/dev-psb.ulilalbabkra.sch.id/psb-ulilalbab/vendor/codeigniter4/framework/system/CodeIgniter.php(355): CodeIgniter\CodeIgniter->handleRequest(NULL, Object(Config\Cache), false)
#11 /Users/galihagung/Documents/Development/ulilalbab/dev-psb.ulilalbabkra.sch.id/psb-ulilalbab/vendor/codeigniter4/framework/system/Boot.php(325): CodeIgniter\CodeIgniter->run()
#12 /Users/galihagung/Documents/Development/ulilalbab/dev-psb.ulilalbabkra.sch.id/psb-ulilalbab/vendor/codeigniter4/framework/system/Boot.php(67): CodeIgniter\Boot::runCodeIgniter(Object(CodeIgniter\CodeIgniter))
#13 /Users/galihagung/Documents/Development/ulilalbab/dev-psb.ulilalbabkra.sch.id/psb-ulilalbab/public/index.php(56): CodeIgniter\Boot::bootWeb(Object(Config\Paths))
#14 /Users/galihagung/Documents/Development/ulilalbab/dev-psb.ulilalbabkra.sch.id/psb-ulilalbab/vendor/codeigniter4/framework/system/rewrite.php(44): require_once('/Users/galihagu...')
#15 {main}

Next CodeIgniter\Database\Exceptions\DatabaseException: No such file or directory in /Users/galihagung/Documents/Development/ulilalbab/dev-psb.ulilalbabkra.sch.id/psb-ulilalbab/vendor/codeigniter4/framework/system/Database/MySQLi/Connection.php:231
Stack trace:
#0 /Users/galihagung/Documents/Development/ulilalbab/dev-psb.ulilalbabkra.sch.id/psb-ulilalbab/vendor/codeigniter4/framework/system/Database/BaseConnection.php(421): CodeIgniter\Database\MySQLi\Connection->connect(false)
#1 /Users/galihagung/Documents/Development/ulilalbab/dev-psb.ulilalbabkra.sch.id/psb-ulilalbab/vendor/codeigniter4/framework/system/Database/BaseConnection.php(616): CodeIgniter\Database\BaseConnection->initialize()
#2 /Users/galihagung/Documents/Development/ulilalbab/dev-psb.ulilalbabkra.sch.id/psb-ulilalbab/vendor/codeigniter4/framework/system/Database/BaseBuilder.php(1636): CodeIgniter\Database\BaseConnection->query('SELECT *\nFROM `...', Array, false)
#3 /Users/galihagung/Documents/Development/ulilalbab/dev-psb.ulilalbabkra.sch.id/psb-ulilalbab/vendor/codeigniter4/framework/system/Model.php(286): CodeIgniter\Database\BaseBuilder->get()
#4 /Users/galihagung/Documents/Development/ulilalbab/dev-psb.ulilalbabkra.sch.id/psb-ulilalbab/vendor/codeigniter4/framework/system/BaseModel.php(676): CodeIgniter\Model->doFindAll(0, 0)
#5 /Users/galihagung/Documents/Development/ulilalbab/dev-psb.ulilalbabkra.sch.id/psb-ulilalbab/app/Controllers/Home.php(246): CodeIgniter\BaseModel->findAll()
#6 /Users/galihagung/Documents/Development/ulilalbab/dev-psb.ulilalbabkra.sch.id/psb-ulilalbab/app/Controllers/Home.php(229): App\Controllers\Home->dashboard()
#7 /Users/galihagung/Documents/Development/ulilalbab/dev-psb.ulilalbabkra.sch.id/psb-ulilalbab/vendor/codeigniter4/framework/system/CodeIgniter.php(933): App\Controllers\Home->AdminLogin()
#8 /Users/galihagung/Documents/Development/ulilalbab/dev-psb.ulilalbabkra.sch.id/psb-ulilalbab/vendor/codeigniter4/framework/system/CodeIgniter.php(509): CodeIgniter\CodeIgniter->runController(Object(App\Controllers\Home))
#9 /Users/galihagung/Documents/Development/ulilalbab/dev-psb.ulilalbabkra.sch.id/psb-ulilalbab/vendor/codeigniter4/framework/system/CodeIgniter.php(355): CodeIgniter\CodeIgniter->handleRequest(NULL, Object(Config\Cache), false)
#10 /Users/galihagung/Documents/Development/ulilalbab/dev-psb.ulilalbabkra.sch.id/psb-ulilalbab/vendor/codeigniter4/framework/system/Boot.php(325): CodeIgniter\CodeIgniter->run()
#11 /Users/galihagung/Documents/Development/ulilalbab/dev-psb.ulilalbabkra.sch.id/psb-ulilalbab/vendor/codeigniter4/framework/system/Boot.php(67): CodeIgniter\Boot::runCodeIgniter(Object(CodeIgniter\CodeIgniter))
#12 /Users/galihagung/Documents/Development/ulilalbab/dev-psb.ulilalbabkra.sch.id/psb-ulilalbab/public/index.php(56): CodeIgniter\Boot::bootWeb(Object(Config\Paths))
#13 /Users/galihagung/Documents/Development/ulilalbab/dev-psb.ulilalbabkra.sch.id/psb-ulilalbab/vendor/codeigniter4/framework/system/rewrite.php(44): require_once('/Users/galihagu...')
#14 {main}
CRITICAL - 2024-11-03 14:19:30 --> CodeIgniter\Database\Exceptions\DatabaseException: Unable to connect to the database.
Main connection [MySQLi]: No such file or directory
[Method: POST, Route: login]
in SYSTEMPATH/Database/BaseConnection.php on line 467.
 1 SYSTEMPATH/Database/BaseConnection.php(616): CodeIgniter\Database\BaseConnection->initialize()
 2 SYSTEMPATH/Database/BaseBuilder.php(1636): CodeIgniter\Database\BaseConnection->query('SELECT *
FROM `siswa`', [], false)
 3 SYSTEMPATH/Model.php(286): CodeIgniter\Database\BaseBuilder->get()
 4 SYSTEMPATH/BaseModel.php(676): CodeIgniter\Model->doFindAll(0, 0)
 5 APPPATH/Controllers/Home.php(246): CodeIgniter\BaseModel->findAll()
 6 APPPATH/Controllers/Home.php(229): App\Controllers\Home->dashboard()
 7 SYSTEMPATH/CodeIgniter.php(933): App\Controllers\Home->AdminLogin()
 8 SYSTEMPATH/CodeIgniter.php(509): CodeIgniter\CodeIgniter->runController(Object(App\Controllers\Home))
 9 SYSTEMPATH/CodeIgniter.php(355): CodeIgniter\CodeIgniter->handleRequest(null, Object(Config\Cache), false)
10 SYSTEMPATH/Boot.php(325): CodeIgniter\CodeIgniter->run()
11 SYSTEMPATH/Boot.php(67): CodeIgniter\Boot::runCodeIgniter(Object(CodeIgniter\CodeIgniter))
12 FCPATH/index.php(56): CodeIgniter\Boot::bootWeb(Object(Config\Paths))
13 SYSTEMPATH/rewrite.php(44): require_once('/Users/galihagung/Documents/Development/ulilalbab/dev-psb.ulilalbabkra.sch.id/psb-ulilalbab/public/index.php')
INFO - 2024-11-03 14:19:53 --> Session: Class initialized using 'CodeIgniter\Session\Handlers\FileHandler' driver.
INFO - 2024-11-03 23:31:01 --> Session: Class initialized using 'CodeIgniter\Session\Handlers\FileHandler' driver.
INFO - 2024-11-03 23:31:06 --> Session: Class initialized using 'CodeIgniter\Session\Handlers\FileHandler' driver.
INFO - 2024-11-03 23:31:08 --> Session: Class initialized using 'CodeIgniter\Session\Handlers\FileHandler' driver.
ERROR - 2024-11-03 23:48:45 --> mysqli_sql_exception: Unknown column 'user_id' in 'where clause' in /Users/galihagung/Documents/Development/ulilalbab/dev-psb.ulilalbabkra.sch.id/psb-ulilalbab/vendor/codeigniter4/framework/system/Database/MySQLi/Connection.php:312
Stack trace:
#0 /Users/galihagung/Documents/Development/ulilalbab/dev-psb.ulilalbabkra.sch.id/psb-ulilalbab/vendor/codeigniter4/framework/system/Database/MySQLi/Connection.php(312): mysqli->query('SELECT *\nFROM `...', 0)
#1 /Users/galihagung/Documents/Development/ulilalbab/dev-psb.ulilalbabkra.sch.id/psb-ulilalbab/vendor/codeigniter4/framework/system/Database/BaseConnection.php(734): CodeIgniter\Database\MySQLi\Connection->execute('SELECT *\nFROM `...')
#2 /Users/galihagung/Documents/Development/ulilalbab/dev-psb.ulilalbabkra.sch.id/psb-ulilalbab/vendor/codeigniter4/framework/system/Database/BaseConnection.php(648): CodeIgniter\Database\BaseConnection->simpleQuery('SELECT *\nFROM `...')
#3 /Users/galihagung/Documents/Development/ulilalbab/dev-psb.ulilalbabkra.sch.id/psb-ulilalbab/vendor/codeigniter4/framework/system/Database/BaseBuilder.php(1636): CodeIgniter\Database\BaseConnection->query('SELECT *\nFROM `...', Array, false)
#4 /Users/galihagung/Documents/Development/ulilalbab/dev-psb.ulilalbabkra.sch.id/psb-ulilalbab/vendor/codeigniter4/framework/system/Model.php(330): CodeIgniter\Database\BaseBuilder->get()
#5 /Users/galihagung/Documents/Development/ulilalbab/dev-psb.ulilalbabkra.sch.id/psb-ulilalbab/vendor/codeigniter4/framework/system/BaseModel.php(714): CodeIgniter\Model->doFirst()
#6 /Users/galihagung/Documents/Development/ulilalbab/dev-psb.ulilalbabkra.sch.id/psb-ulilalbab/app/Controllers/Uploads.php(143): CodeIgniter\BaseModel->first()
#7 /Users/galihagung/Documents/Development/ulilalbab/dev-psb.ulilalbabkra.sch.id/psb-ulilalbab/app/Controllers/Uploads.php(32): App\Controllers\Uploads->deleteExisting('foto', '60')
#8 /Users/galihagung/Documents/Development/ulilalbab/dev-psb.ulilalbabkra.sch.id/psb-ulilalbab/vendor/codeigniter4/framework/system/CodeIgniter.php(933): App\Controllers\Uploads->uploadFoto()
#9 /Users/galihagung/Documents/Development/ulilalbab/dev-psb.ulilalbabkra.sch.id/psb-ulilalbab/vendor/codeigniter4/framework/system/CodeIgniter.php(509): CodeIgniter\CodeIgniter->runController(Object(App\Controllers\Uploads))
#10 /Users/galihagung/Documents/Development/ulilalbab/dev-psb.ulilalbabkra.sch.id/psb-ulilalbab/vendor/codeigniter4/framework/system/CodeIgniter.php(355): CodeIgniter\CodeIgniter->handleRequest(NULL, Object(Config\Cache), false)
#11 /Users/galihagung/Documents/Development/ulilalbab/dev-psb.ulilalbabkra.sch.id/psb-ulilalbab/vendor/codeigniter4/framework/system/Boot.php(325): CodeIgniter\CodeIgniter->run()
#12 /Users/galihagung/Documents/Development/ulilalbab/dev-psb.ulilalbabkra.sch.id/psb-ulilalbab/vendor/codeigniter4/framework/system/Boot.php(67): CodeIgniter\Boot::runCodeIgniter(Object(CodeIgniter\CodeIgniter))
#13 /Users/galihagung/Documents/Development/ulilalbab/dev-psb.ulilalbabkra.sch.id/psb-ulilalbab/public/index.php(56): CodeIgniter\Boot::bootWeb(Object(Config\Paths))
#14 /Users/galihagung/Documents/Development/ulilalbab/dev-psb.ulilalbabkra.sch.id/psb-ulilalbab/vendor/codeigniter4/framework/system/rewrite.php(44): require_once('/Users/galihagu...')
#15 {main}
CRITICAL - 2024-11-03 23:48:45 --> CodeIgniter\Database\Exceptions\DatabaseException: Unknown column 'user_id' in 'where clause'
[Method: POST, Route: berkas/upload/foto]
in SYSTEMPATH/Database/BaseConnection.php on line 688.
 1 SYSTEMPATH/Database/BaseBuilder.php(1636): CodeIgniter\Database\BaseConnection->query('SELECT *
FROM `files`
WHERE `user_id` = :user_id:
 LIMIT 1', [...], false)
 2 SYSTEMPATH/Model.php(330): CodeIgniter\Database\BaseBuilder->get()
 3 SYSTEMPATH/BaseModel.php(714): CodeIgniter\Model->doFirst()
 4 APPPATH/Controllers/Uploads.php(143): CodeIgniter\BaseModel->first()
 5 APPPATH/Controllers/Uploads.php(32): App\Controllers\Uploads->deleteExisting('foto', '60')
 6 SYSTEMPATH/CodeIgniter.php(933): App\Controllers\Uploads->uploadFoto()
 7 SYSTEMPATH/CodeIgniter.php(509): CodeIgniter\CodeIgniter->runController(Object(App\Controllers\Uploads))
 8 SYSTEMPATH/CodeIgniter.php(355): CodeIgniter\CodeIgniter->handleRequest(null, Object(Config\Cache), false)
 9 SYSTEMPATH/Boot.php(325): CodeIgniter\CodeIgniter->run()
10 SYSTEMPATH/Boot.php(67): CodeIgniter\Boot::runCodeIgniter(Object(CodeIgniter\CodeIgniter))
11 FCPATH/index.php(56): CodeIgniter\Boot::bootWeb(Object(Config\Paths))
12 SYSTEMPATH/rewrite.php(44): require_once('/Users/galihagung/Documents/Development/ulilalbab/dev-psb.ulilalbabkra.sch.id/psb-ulilalbab/public/index.php')
CRITICAL - 2024-11-03 23:48:45 --> [Caused by] CodeIgniter\Database\Exceptions\DatabaseException: Unknown column 'user_id' in 'where clause'
in SYSTEMPATH/Database/MySQLi/Connection.php on line 317.
 1 SYSTEMPATH/Database/BaseConnection.php(734): CodeIgniter\Database\MySQLi\Connection->execute('SELECT *
FROM `files`
WHERE `user_id` = \'60\'
 LIMIT 1')
 2 SYSTEMPATH/Database/BaseConnection.php(648): CodeIgniter\Database\BaseConnection->simpleQuery('SELECT *
FROM `files`
WHERE `user_id` = \'60\'
 LIMIT 1')
 3 SYSTEMPATH/Database/BaseBuilder.php(1636): CodeIgniter\Database\BaseConnection->query('SELECT *
FROM `files`
WHERE `user_id` = :user_id:
 LIMIT 1', [...], false)
 4 SYSTEMPATH/Model.php(330): CodeIgniter\Database\BaseBuilder->get()
 5 SYSTEMPATH/BaseModel.php(714): CodeIgniter\Model->doFirst()
 6 APPPATH/Controllers/Uploads.php(143): CodeIgniter\BaseModel->first()
 7 APPPATH/Controllers/Uploads.php(32): App\Controllers\Uploads->deleteExisting('foto', '60')
 8 SYSTEMPATH/CodeIgniter.php(933): App\Controllers\Uploads->uploadFoto()
 9 SYSTEMPATH/CodeIgniter.php(509): CodeIgniter\CodeIgniter->runController(Object(App\Controllers\Uploads))
10 SYSTEMPATH/CodeIgniter.php(355): CodeIgniter\CodeIgniter->handleRequest(null, Object(Config\Cache), false)
11 SYSTEMPATH/Boot.php(325): CodeIgniter\CodeIgniter->run()
12 SYSTEMPATH/Boot.php(67): CodeIgniter\Boot::runCodeIgniter(Object(CodeIgniter\CodeIgniter))
13 FCPATH/index.php(56): CodeIgniter\Boot::bootWeb(Object(Config\Paths))
14 SYSTEMPATH/rewrite.php(44): require_once('/Users/galihagung/Documents/Development/ulilalbab/dev-psb.ulilalbabkra.sch.id/psb-ulilalbab/public/index.php')
CRITICAL - 2024-11-03 23:48:45 --> [Caused by] mysqli_sql_exception: Unknown column 'user_id' in 'where clause'
in SYSTEMPATH/Database/MySQLi/Connection.php on line 312.
 1 SYSTEMPATH/Database/MySQLi/Connection.php(312): mysqli->query('SELECT *
FROM `files`
WHERE `user_id` = \'60\'
 LIMIT 1', 0)
 2 SYSTEMPATH/Database/BaseConnection.php(734): CodeIgniter\Database\MySQLi\Connection->execute('SELECT *
FROM `files`
WHERE `user_id` = \'60\'
 LIMIT 1')
 3 SYSTEMPATH/Database/BaseConnection.php(648): CodeIgniter\Database\BaseConnection->simpleQuery('SELECT *
FROM `files`
WHERE `user_id` = \'60\'
 LIMIT 1')
 4 SYSTEMPATH/Database/BaseBuilder.php(1636): CodeIgniter\Database\BaseConnection->query('SELECT *
FROM `files`
WHERE `user_id` = :user_id:
 LIMIT 1', [...], false)
 5 SYSTEMPATH/Model.php(330): CodeIgniter\Database\BaseBuilder->get()
 6 SYSTEMPATH/BaseModel.php(714): CodeIgniter\Model->doFirst()
 7 APPPATH/Controllers/Uploads.php(143): CodeIgniter\BaseModel->first()
 8 APPPATH/Controllers/Uploads.php(32): App\Controllers\Uploads->deleteExisting('foto', '60')
 9 SYSTEMPATH/CodeIgniter.php(933): App\Controllers\Uploads->uploadFoto()
10 SYSTEMPATH/CodeIgniter.php(509): CodeIgniter\CodeIgniter->runController(Object(App\Controllers\Uploads))
11 SYSTEMPATH/CodeIgniter.php(355): CodeIgniter\CodeIgniter->handleRequest(null, Object(Config\Cache), false)
12 SYSTEMPATH/Boot.php(325): CodeIgniter\CodeIgniter->run()
13 SYSTEMPATH/Boot.php(67): CodeIgniter\Boot::runCodeIgniter(Object(CodeIgniter\CodeIgniter))
14 FCPATH/index.php(56): CodeIgniter\Boot::bootWeb(Object(Config\Paths))
15 SYSTEMPATH/rewrite.php(44): require_once('/Users/galihagung/Documents/Development/ulilalbab/dev-psb.ulilalbabkra.sch.id/psb-ulilalbab/public/index.php')
