CRITICAL - 2024-07-19 10:26:07 --> Error: Call to undefined method App\Controllers\Home::fail()
[Method: POST, Route: cekRegistrasi]
in APPPATH/Controllers/Home.php on line 27.
 1 SYSTEMPATH/CodeIgniter.php(933): App\Controllers\Home->checkRegistrasi()
 2 SYSTEMPATH/CodeIgniter.php(509): CodeIgniter\CodeIgniter->runController(Object(App\Controllers\Home))
 3 SYSTEMPATH/CodeIgniter.php(355): CodeIgniter\CodeIgniter->handleRequest(null, Object(Config\Cache), false)
 4 SYSTEMPATH/Boot.php(325): CodeIgniter\CodeIgniter->run()
 5 SYSTEMPATH/Boot.php(67): CodeIgniter\Boot::runCodeIgniter(Object(CodeIgniter\CodeIgniter))
 6 FCPATH/index.php(56): CodeIgniter\Boot::bootWeb(Object(Config\Paths))
 7 SYSTEMPATH/rewrite.php(44): require_once('/Users/galihagung/Documents/Development/ulilalbab/dev-psb.ulilalbabkra.sch.id/psb-ulilalbab/public/index.php')
CRITICAL - 2024-07-19 10:27:27 --> Error: Call to undefined method App\Controllers\Home::fail()
[Method: POST, Route: cekRegistrasi]
in APPPATH/Controllers/Home.php on line 27.
 1 SYSTEMPATH/CodeIgniter.php(933): App\Controllers\Home->checkRegistrasi()
 2 SYSTEMPATH/CodeIgniter.php(509): CodeIgniter\CodeIgniter->runController(Object(App\Controllers\Home))
 3 SYSTEMPATH/CodeIgniter.php(355): CodeIgniter\CodeIgniter->handleRequest(null, Object(Config\Cache), false)
 4 SYSTEMPATH/Boot.php(325): CodeIgniter\CodeIgniter->run()
 5 SYSTEMPATH/Boot.php(67): CodeIgniter\Boot::runCodeIgniter(Object(CodeIgniter\CodeIgniter))
 6 FCPATH/index.php(56): CodeIgniter\Boot::bootWeb(Object(Config\Paths))
 7 SYSTEMPATH/rewrite.php(44): require_once('/Users/galihagung/Documents/Development/ulilalbab/dev-psb.ulilalbabkra.sch.id/psb-ulilalbab/public/index.php')
