INFO - 2025-07-20 02:28:53 --> Session: Class initialized using 'CodeIgniter\Session\Handlers\FileHandler' driver.
INFO - 2025-07-20 02:28:57 --> Session: Class initialized using 'CodeIgniter\Session\Handlers\FileHandler' driver.
INFO - 2025-07-20 02:29:01 --> Session: Class initialized using 'CodeIgniter\Session\Handlers\FileHandler' driver.
INFO - 2025-07-20 05:49:33 --> Session: Class initialized using 'CodeIgniter\Session\Handlers\FileHandler' driver.
INFO - 2025-07-20 05:49:39 --> Session: Class initialized using 'CodeIgniter\Session\Handlers\FileHandler' driver.
INFO - 2025-07-20 06:00:33 --> Session: Class initialized using 'CodeIgniter\Session\Handlers\FileHandler' driver.
INFO - 2025-07-20 06:00:38 --> Session: Class initialized using 'CodeIgniter\Session\Handlers\FileHandler' driver.
CRITICAL - 2025-07-20 06:27:52 --> TypeError: count(): Argument #1 ($value) must be of type Countable|array, true given
[Method: GET, Route: cekRegistrasi]
in APPPATH/Views/UploadBerkas.php on line 69.
 1 SYSTEMPATH/View/View.php(234): include()
 2 SYSTEMPATH/View/View.php(237): CodeIgniter\View\View->CodeIgniter\View\{closure}()
 3 SYSTEMPATH/Common.php(1171): CodeIgniter\View\View->render('UploadBerkas', [], true)
 4 APPPATH/Controllers/Uploads.php(33): view('UploadBerkas', [...])
 5 APPPATH/Controllers/Home.php(144): App\Controllers\Uploads->index('59')
 6 SYSTEMPATH/CodeIgniter.php(933): App\Controllers\Home->checkRegistrasi()
 7 SYSTEMPATH/CodeIgniter.php(509): CodeIgniter\CodeIgniter->runController(Object(App\Controllers\Home))
 8 SYSTEMPATH/CodeIgniter.php(355): CodeIgniter\CodeIgniter->handleRequest(null, Object(Config\Cache), false)
 9 SYSTEMPATH/Boot.php(325): CodeIgniter\CodeIgniter->run()
10 SYSTEMPATH/Boot.php(67): CodeIgniter\Boot::runCodeIgniter(Object(CodeIgniter\CodeIgniter))
11 FCPATH/index.php(56): CodeIgniter\Boot::bootWeb(Object(Config\Paths))
12 SYSTEMPATH/rewrite.php(44): require_once('/Users/galihagung/Documents/Development/ulilalbab/dev-psb.ulilalbabkra.sch.id/psb-ulilalbab/public/index.php')
INFO - 2025-07-20 11:16:40 --> Session: Class initialized using 'CodeIgniter\Session\Handlers\FileHandler' driver.
INFO - 2025-07-20 11:28:59 --> Session: Class initialized using 'CodeIgniter\Session\Handlers\FileHandler' driver.
INFO - 2025-07-20 11:53:43 --> Session: Class initialized using 'CodeIgniter\Session\Handlers\FileHandler' driver.
CRITICAL - 2025-07-20 11:53:43 --> CodeIgniter\Database\Exceptions\DatabaseException: Updates are not allowed unless they contain a "where" or "like" clause.
[Method: POST, Route: uploadBerkas/next]
in SYSTEMPATH/Model.php on line 456.
 1 SYSTEMPATH/BaseModel.php(1028): CodeIgniter\Model->doUpdate(null, [...])
 2 SYSTEMPATH/Model.php(865): CodeIgniter\BaseModel->update(null, [...])
 3 APPPATH/Controllers/Uploads.php(124): CodeIgniter\Model->update(null, [...])
 4 SYSTEMPATH/CodeIgniter.php(933): App\Controllers\Uploads->setStage5()
 5 SYSTEMPATH/CodeIgniter.php(509): CodeIgniter\CodeIgniter->runController(Object(App\Controllers\Uploads))
 6 SYSTEMPATH/CodeIgniter.php(355): CodeIgniter\CodeIgniter->handleRequest(null, Object(Config\Cache), false)
 7 SYSTEMPATH/Boot.php(325): CodeIgniter\CodeIgniter->run()
 8 SYSTEMPATH/Boot.php(67): CodeIgniter\Boot::runCodeIgniter(Object(CodeIgniter\CodeIgniter))
 9 FCPATH/index.php(56): CodeIgniter\Boot::bootWeb(Object(Config\Paths))
10 SYSTEMPATH/rewrite.php(44): require_once('/Users/galihagung/Documents/Development/ulilalbab/dev-psb.ulilalbabkra.sch.id/psb-ulilalbab/public/index.php')
CRITICAL - 2025-07-20 11:54:47 --> ParseError: Unclosed '{' on line 10
[Method: POST, Route: uploadBerkas/next]
in APPPATH/Controllers/Uploads.php on line 130.
 1 VENDORPATH/composer/ClassLoader.php(427): Composer\Autoload\{closure}('/Users/galihagung/Documents/Development/ulilalbab/dev-psb.ulilalbabkra.sch.id/psb-ulilalbab/vendor/composer/../../app/Controllers/Uploads.php')
 2 [internal function]: Composer\Autoload\ClassLoader->loadClass('App\\Controllers\\Uploads')
 3 SYSTEMPATH/CodeIgniter.php(887): class_exists('\\App\\Controllers\\Uploads', true)
 4 SYSTEMPATH/CodeIgniter.php(496): CodeIgniter\CodeIgniter->startController()
 5 SYSTEMPATH/CodeIgniter.php(355): CodeIgniter\CodeIgniter->handleRequest(null, Object(Config\Cache), false)
 6 SYSTEMPATH/Boot.php(325): CodeIgniter\CodeIgniter->run()
 7 SYSTEMPATH/Boot.php(67): CodeIgniter\Boot::runCodeIgniter(Object(CodeIgniter\CodeIgniter))
 8 FCPATH/index.php(56): CodeIgniter\Boot::bootWeb(Object(Config\Paths))
 9 SYSTEMPATH/rewrite.php(44): require_once('/Users/galihagung/Documents/Development/ulilalbab/dev-psb.ulilalbabkra.sch.id/psb-ulilalbab/public/index.php')
INFO - 2025-07-20 11:55:02 --> Session: Class initialized using 'CodeIgniter\Session\Handlers\FileHandler' driver.
INFO - 2025-07-20 13:24:05 --> Session: Class initialized using 'CodeIgniter\Session\Handlers\FileHandler' driver.
INFO - 2025-07-20 13:24:58 --> Session: Class initialized using 'CodeIgniter\Session\Handlers\FileHandler' driver.
CRITICAL - 2025-07-20 13:30:52 --> ErrorException: Undefined variable $enc_id
[Method: GET, Route: cekRegistrasi]
in APPPATH/Views/UploadBerkas.php on line 76.
 1 APPPATH/Views/UploadBerkas.php(76): CodeIgniter\Debug\Exceptions->errorHandler(2, 'Undefined variable $enc_id', '/Users/galihagung/Documents/Development/ulilalbab/dev-psb.ulilalbabkra.sch.id/psb-ulilalbab/app/Views/UploadBerkas.php', 76)
 2 SYSTEMPATH/View/View.php(234): include('/Users/galihagung/Documents/Development/ulilalbab/dev-psb.ulilalbabkra.sch.id/psb-ulilalbab/app/Views/UploadBerkas.php')
 3 SYSTEMPATH/View/View.php(237): CodeIgniter\View\View->CodeIgniter\View\{closure}()
 4 SYSTEMPATH/Common.php(1171): CodeIgniter\View\View->render('UploadBerkas', [], true)
 5 APPPATH/Controllers/Uploads.php(36): view('UploadBerkas', [...])
 6 APPPATH/Controllers/Home.php(144): App\Controllers\Uploads->index('59')
 7 SYSTEMPATH/CodeIgniter.php(933): App\Controllers\Home->checkRegistrasi()
 8 SYSTEMPATH/CodeIgniter.php(509): CodeIgniter\CodeIgniter->runController(Object(App\Controllers\Home))
 9 SYSTEMPATH/CodeIgniter.php(355): CodeIgniter\CodeIgniter->handleRequest(null, Object(Config\Cache), false)
10 SYSTEMPATH/Boot.php(325): CodeIgniter\CodeIgniter->run()
11 SYSTEMPATH/Boot.php(67): CodeIgniter\Boot::runCodeIgniter(Object(CodeIgniter\CodeIgniter))
12 FCPATH/index.php(56): CodeIgniter\Boot::bootWeb(Object(Config\Paths))
13 SYSTEMPATH/rewrite.php(44): require_once('/Users/galihagung/Documents/Development/ulilalbab/dev-psb.ulilalbabkra.sch.id/psb-ulilalbab/public/index.php')
INFO - 2025-07-20 13:50:57 --> Session: Class initialized using 'CodeIgniter\Session\Handlers\FileHandler' driver.
INFO - 2025-07-20 13:55:19 --> Session: Class initialized using 'CodeIgniter\Session\Handlers\FileHandler' driver.
