INFO - 2025-05-15 14:15:56 --> Session: Class initialized using 'CodeIgniter\Session\Handlers\FileHandler' driver.
INFO - 2025-05-15 14:16:01 --> Session: Class initialized using 'CodeIgniter\Session\Handlers\FileHandler' driver.
INFO - 2025-05-15 14:17:05 --> Session: Class initialized using 'CodeIgniter\Session\Handlers\FileHandler' driver.
INFO - 2025-05-15 14:31:48 --> Session: Class initialized using 'CodeIgniter\Session\Handlers\FileHandler' driver.
INFO - 2025-05-15 14:50:10 --> Session: Class initialized using 'CodeIgniter\Session\Handlers\FileHandler' driver.
INFO - 2025-05-15 14:56:01 --> Session: Class initialized using 'CodeIgniter\Session\Handlers\FileHandler' driver.
INFO - 2025-05-15 14:56:02 --> Session: Class initialized using 'CodeIgniter\Session\Handlers\FileHandler' driver.
INFO - 2025-05-15 14:56:24 --> Session: Class initialized using 'CodeIgniter\Session\Handlers\FileHandler' driver.
INFO - 2025-05-15 14:56:24 --> Session: Class initialized using 'CodeIgniter\Session\Handlers\FileHandler' driver.
INFO - 2025-05-15 14:56:43 --> Session: Class initialized using 'CodeIgniter\Session\Handlers\FileHandler' driver.
INFO - 2025-05-15 14:56:43 --> Session: Class initialized using 'CodeIgniter\Session\Handlers\FileHandler' driver.
INFO - 2025-05-15 15:04:56 --> Session: Class initialized using 'CodeIgniter\Session\Handlers\FileHandler' driver.
CRITICAL - 2025-05-15 15:04:56 --> ErrorException: Undefined array key "hp"
[Method: GET, Route: detail_siswa/60]
in APPPATH/Views/admin/detail_siswa.php on line 36.
 1 APPPATH/Views/admin/detail_siswa.php(36): CodeIgniter\Debug\Exceptions->errorHandler(2, 'Undefined array key "hp"', '/Users/galihagung/Documents/Development/ulilalbab/dev-psb.ulilalbabkra.sch.id/psb-ulilalbab/app/Views/admin/detail_siswa.php', 36)
 2 SYSTEMPATH/View/View.php(234): include('/Users/galihagung/Documents/Development/ulilalbab/dev-psb.ulilalbabkra.sch.id/psb-ulilalbab/app/Views/admin/detail_siswa.php')
 3 SYSTEMPATH/View/View.php(237): CodeIgniter\View\View->CodeIgniter\View\{closure}()
 4 SYSTEMPATH/Common.php(1171): CodeIgniter\View\View->render('admin/detail_siswa', [], true)
 5 APPPATH/Controllers/Home.php(415): view('admin/detail_siswa', [...])
 6 SYSTEMPATH/CodeIgniter.php(933): App\Controllers\Home->Detail('60')
 7 SYSTEMPATH/CodeIgniter.php(509): CodeIgniter\CodeIgniter->runController(Object(App\Controllers\Home))
 8 SYSTEMPATH/CodeIgniter.php(355): CodeIgniter\CodeIgniter->handleRequest(null, Object(Config\Cache), false)
 9 SYSTEMPATH/Boot.php(325): CodeIgniter\CodeIgniter->run()
10 SYSTEMPATH/Boot.php(67): CodeIgniter\Boot::runCodeIgniter(Object(CodeIgniter\CodeIgniter))
11 FCPATH/index.php(56): CodeIgniter\Boot::bootWeb(Object(Config\Paths))
12 SYSTEMPATH/rewrite.php(44): require_once('/Users/galihagung/Documents/Development/ulilalbab/dev-psb.ulilalbabkra.sch.id/psb-ulilalbab/public/index.php')
INFO - 2025-05-15 15:05:29 --> Session: Class initialized using 'CodeIgniter\Session\Handlers\FileHandler' driver.
INFO - 2025-05-15 15:05:56 --> Session: Class initialized using 'CodeIgniter\Session\Handlers\FileHandler' driver.
INFO - 2025-05-15 15:06:00 --> Session: Class initialized using 'CodeIgniter\Session\Handlers\FileHandler' driver.
INFO - 2025-05-15 15:30:10 --> Session: Class initialized using 'CodeIgniter\Session\Handlers\FileHandler' driver.
INFO - 2025-05-15 15:33:55 --> Session: Class initialized using 'CodeIgniter\Session\Handlers\FileHandler' driver.
INFO - 2025-05-15 15:34:02 --> Session: Class initialized using 'CodeIgniter\Session\Handlers\FileHandler' driver.
INFO - 2025-05-15 15:34:04 --> Session: Class initialized using 'CodeIgniter\Session\Handlers\FileHandler' driver.
INFO - 2025-05-15 15:34:57 --> Session: Class initialized using 'CodeIgniter\Session\Handlers\FileHandler' driver.
INFO - 2025-05-15 15:34:59 --> Session: Class initialized using 'CodeIgniter\Session\Handlers\FileHandler' driver.
INFO - 2025-05-15 15:35:12 --> Session: Class initialized using 'CodeIgniter\Session\Handlers\FileHandler' driver.
CRITICAL - 2025-05-15 15:35:12 --> ErrorException: Undefined array key "asal_sekolah"
[Method: GET, Route: detail_siswa/59]
in APPPATH/Views/admin/detail_siswa.php on line 40.
 1 APPPATH/Views/admin/detail_siswa.php(40): CodeIgniter\Debug\Exceptions->errorHandler(2, 'Undefined array key "asal_sekolah"', '/Users/galihagung/Documents/Development/ulilalbab/dev-psb.ulilalbabkra.sch.id/psb-ulilalbab/app/Views/admin/detail_siswa.php', 40)
 2 SYSTEMPATH/View/View.php(234): include('/Users/galihagung/Documents/Development/ulilalbab/dev-psb.ulilalbabkra.sch.id/psb-ulilalbab/app/Views/admin/detail_siswa.php')
 3 SYSTEMPATH/View/View.php(237): CodeIgniter\View\View->CodeIgniter\View\{closure}()
 4 SYSTEMPATH/Common.php(1171): CodeIgniter\View\View->render('admin/detail_siswa', [], true)
 5 APPPATH/Controllers/Home.php(415): view('admin/detail_siswa', [...])
 6 SYSTEMPATH/CodeIgniter.php(933): App\Controllers\Home->Detail('59')
 7 SYSTEMPATH/CodeIgniter.php(509): CodeIgniter\CodeIgniter->runController(Object(App\Controllers\Home))
 8 SYSTEMPATH/CodeIgniter.php(355): CodeIgniter\CodeIgniter->handleRequest(null, Object(Config\Cache), false)
 9 SYSTEMPATH/Boot.php(325): CodeIgniter\CodeIgniter->run()
10 SYSTEMPATH/Boot.php(67): CodeIgniter\Boot::runCodeIgniter(Object(CodeIgniter\CodeIgniter))
11 FCPATH/index.php(56): CodeIgniter\Boot::bootWeb(Object(Config\Paths))
12 SYSTEMPATH/rewrite.php(44): require_once('/Users/galihagung/Documents/Development/ulilalbab/dev-psb.ulilalbabkra.sch.id/psb-ulilalbab/public/index.php')
INFO - 2025-05-15 15:35:22 --> Session: Class initialized using 'CodeIgniter\Session\Handlers\FileHandler' driver.
CRITICAL - 2025-05-15 15:35:22 --> ErrorException: Undefined array key "asal_sekolah"
[Method: GET, Route: detail_siswa/59]
in APPPATH/Views/admin/detail_siswa.php on line 40.
 1 APPPATH/Views/admin/detail_siswa.php(40): CodeIgniter\Debug\Exceptions->errorHandler(2, 'Undefined array key "asal_sekolah"', '/Users/galihagung/Documents/Development/ulilalbab/dev-psb.ulilalbabkra.sch.id/psb-ulilalbab/app/Views/admin/detail_siswa.php', 40)
 2 SYSTEMPATH/View/View.php(234): include('/Users/galihagung/Documents/Development/ulilalbab/dev-psb.ulilalbabkra.sch.id/psb-ulilalbab/app/Views/admin/detail_siswa.php')
 3 SYSTEMPATH/View/View.php(237): CodeIgniter\View\View->CodeIgniter\View\{closure}()
 4 SYSTEMPATH/Common.php(1171): CodeIgniter\View\View->render('admin/detail_siswa', [], true)
 5 APPPATH/Controllers/Home.php(415): view('admin/detail_siswa', [...])
 6 SYSTEMPATH/CodeIgniter.php(933): App\Controllers\Home->Detail('59')
 7 SYSTEMPATH/CodeIgniter.php(509): CodeIgniter\CodeIgniter->runController(Object(App\Controllers\Home))
 8 SYSTEMPATH/CodeIgniter.php(355): CodeIgniter\CodeIgniter->handleRequest(null, Object(Config\Cache), false)
 9 SYSTEMPATH/Boot.php(325): CodeIgniter\CodeIgniter->run()
10 SYSTEMPATH/Boot.php(67): CodeIgniter\Boot::runCodeIgniter(Object(CodeIgniter\CodeIgniter))
11 FCPATH/index.php(56): CodeIgniter\Boot::bootWeb(Object(Config\Paths))
12 SYSTEMPATH/rewrite.php(44): require_once('/Users/galihagung/Documents/Development/ulilalbab/dev-psb.ulilalbabkra.sch.id/psb-ulilalbab/public/index.php')
INFO - 2025-05-15 15:36:07 --> Session: Class initialized using 'CodeIgniter\Session\Handlers\FileHandler' driver.
INFO - 2025-05-15 15:37:28 --> Session: Class initialized using 'CodeIgniter\Session\Handlers\FileHandler' driver.
CRITICAL - 2025-05-15 15:37:28 --> ErrorException: Undefined array key "no_hp"
[Method: GET, Route: detail_siswa/59]
in APPPATH/Views/admin/detail_siswa.php on line 44.
 1 APPPATH/Views/admin/detail_siswa.php(44): CodeIgniter\Debug\Exceptions->errorHandler(2, 'Undefined array key "no_hp"', '/Users/galihagung/Documents/Development/ulilalbab/dev-psb.ulilalbabkra.sch.id/psb-ulilalbab/app/Views/admin/detail_siswa.php', 44)
 2 SYSTEMPATH/View/View.php(234): include('/Users/galihagung/Documents/Development/ulilalbab/dev-psb.ulilalbabkra.sch.id/psb-ulilalbab/app/Views/admin/detail_siswa.php')
 3 SYSTEMPATH/View/View.php(237): CodeIgniter\View\View->CodeIgniter\View\{closure}()
 4 SYSTEMPATH/Common.php(1171): CodeIgniter\View\View->render('admin/detail_siswa', [], true)
 5 APPPATH/Controllers/Home.php(415): view('admin/detail_siswa', [...])
 6 SYSTEMPATH/CodeIgniter.php(933): App\Controllers\Home->Detail('59')
 7 SYSTEMPATH/CodeIgniter.php(509): CodeIgniter\CodeIgniter->runController(Object(App\Controllers\Home))
 8 SYSTEMPATH/CodeIgniter.php(355): CodeIgniter\CodeIgniter->handleRequest(null, Object(Config\Cache), false)
 9 SYSTEMPATH/Boot.php(325): CodeIgniter\CodeIgniter->run()
10 SYSTEMPATH/Boot.php(67): CodeIgniter\Boot::runCodeIgniter(Object(CodeIgniter\CodeIgniter))
11 FCPATH/index.php(56): CodeIgniter\Boot::bootWeb(Object(Config\Paths))
12 SYSTEMPATH/rewrite.php(44): require_once('/Users/galihagung/Documents/Development/ulilalbab/dev-psb.ulilalbabkra.sch.id/psb-ulilalbab/public/index.php')
INFO - 2025-05-15 15:39:42 --> Session: Class initialized using 'CodeIgniter\Session\Handlers\FileHandler' driver.
INFO - 2025-05-15 15:40:30 --> Session: Class initialized using 'CodeIgniter\Session\Handlers\FileHandler' driver.
CRITICAL - 2025-05-15 15:40:30 --> ErrorException: Undefined array key "no_hp"
[Method: GET, Route: detail_siswa/59]
in APPPATH/Views/admin/detail_siswa.php on line 46.
 1 APPPATH/Views/admin/detail_siswa.php(46): CodeIgniter\Debug\Exceptions->errorHandler(2, 'Undefined array key "no_hp"', '/Users/galihagung/Documents/Development/ulilalbab/dev-psb.ulilalbabkra.sch.id/psb-ulilalbab/app/Views/admin/detail_siswa.php', 46)
 2 SYSTEMPATH/View/View.php(234): include('/Users/galihagung/Documents/Development/ulilalbab/dev-psb.ulilalbabkra.sch.id/psb-ulilalbab/app/Views/admin/detail_siswa.php')
 3 SYSTEMPATH/View/View.php(237): CodeIgniter\View\View->CodeIgniter\View\{closure}()
 4 SYSTEMPATH/Common.php(1171): CodeIgniter\View\View->render('admin/detail_siswa', [], true)
 5 APPPATH/Controllers/Home.php(415): view('admin/detail_siswa', [...])
 6 SYSTEMPATH/CodeIgniter.php(933): App\Controllers\Home->Detail('59')
 7 SYSTEMPATH/CodeIgniter.php(509): CodeIgniter\CodeIgniter->runController(Object(App\Controllers\Home))
 8 SYSTEMPATH/CodeIgniter.php(355): CodeIgniter\CodeIgniter->handleRequest(null, Object(Config\Cache), false)
 9 SYSTEMPATH/Boot.php(325): CodeIgniter\CodeIgniter->run()
10 SYSTEMPATH/Boot.php(67): CodeIgniter\Boot::runCodeIgniter(Object(CodeIgniter\CodeIgniter))
11 FCPATH/index.php(56): CodeIgniter\Boot::bootWeb(Object(Config\Paths))
12 SYSTEMPATH/rewrite.php(44): require_once('/Users/galihagung/Documents/Development/ulilalbab/dev-psb.ulilalbabkra.sch.id/psb-ulilalbab/public/index.php')
INFO - 2025-05-15 15:40:59 --> Session: Class initialized using 'CodeIgniter\Session\Handlers\FileHandler' driver.
INFO - 2025-05-15 15:42:37 --> Session: Class initialized using 'CodeIgniter\Session\Handlers\FileHandler' driver.
CRITICAL - 2025-05-15 15:42:37 --> ErrorException: Undefined array key "no_hp"
[Method: GET, Route: detail_siswa/59]
in APPPATH/Views/admin/detail_siswa.php on line 46.
 1 APPPATH/Views/admin/detail_siswa.php(46): CodeIgniter\Debug\Exceptions->errorHandler(2, 'Undefined array key "no_hp"', '/Users/galihagung/Documents/Development/ulilalbab/dev-psb.ulilalbabkra.sch.id/psb-ulilalbab/app/Views/admin/detail_siswa.php', 46)
 2 SYSTEMPATH/View/View.php(234): include('/Users/galihagung/Documents/Development/ulilalbab/dev-psb.ulilalbabkra.sch.id/psb-ulilalbab/app/Views/admin/detail_siswa.php')
 3 SYSTEMPATH/View/View.php(237): CodeIgniter\View\View->CodeIgniter\View\{closure}()
 4 SYSTEMPATH/Common.php(1171): CodeIgniter\View\View->render('admin/detail_siswa', [], true)
 5 APPPATH/Controllers/Home.php(415): view('admin/detail_siswa', [...])
 6 SYSTEMPATH/CodeIgniter.php(933): App\Controllers\Home->Detail('59')
 7 SYSTEMPATH/CodeIgniter.php(509): CodeIgniter\CodeIgniter->runController(Object(App\Controllers\Home))
 8 SYSTEMPATH/CodeIgniter.php(355): CodeIgniter\CodeIgniter->handleRequest(null, Object(Config\Cache), false)
 9 SYSTEMPATH/Boot.php(325): CodeIgniter\CodeIgniter->run()
10 SYSTEMPATH/Boot.php(67): CodeIgniter\Boot::runCodeIgniter(Object(CodeIgniter\CodeIgniter))
11 FCPATH/index.php(56): CodeIgniter\Boot::bootWeb(Object(Config\Paths))
12 SYSTEMPATH/rewrite.php(44): require_once('/Users/galihagung/Documents/Development/ulilalbab/dev-psb.ulilalbabkra.sch.id/psb-ulilalbab/public/index.php')
INFO - 2025-05-15 15:42:59 --> Session: Class initialized using 'CodeIgniter\Session\Handlers\FileHandler' driver.
